[2026-07-01T19:00:10.361+0000] {local_task_job_runner.py:120} INFO - ::group::Pre task execution logs
[2026-07-01T19:00:10.448+0000] {taskinstance.py:2076} INFO - Dependencies all met for dep_context=non-requeueable deps ti=<TaskInstance: spotify_minio_to_duckdb_pipeline.dbt_run_transformations scheduled__2026-07-01T18:00:00+00:00 [queued]>
[2026-07-01T19:00:10.463+0000] {taskinstance.py:2076} INFO - Dependencies all met for dep_context=requeueable deps ti=<TaskInstance: spotify_minio_to_duckdb_pipeline.dbt_run_transformations scheduled__2026-07-01T18:00:00+00:00 [queued]>
[2026-07-01T19:00:10.464+0000] {taskinstance.py:2306} INFO - Starting attempt 1 of 2
[2026-07-01T19:00:10.493+0000] {taskinstance.py:2330} INFO - Executing <Task(BashOperator): dbt_run_transformations> on 2026-07-01 18:00:00+00:00
[2026-07-01T19:00:10.512+0000] {standard_task_runner.py:64} INFO - Started process 4027 to run task
[2026-07-01T19:00:10.525+0000] {standard_task_runner.py:90} INFO - Running: ['***', 'tasks', 'run', 'spotify_minio_to_duckdb_pipeline', 'dbt_run_transformations', 'scheduled__2026-07-01T18:00:00+00:00', '--job-id', '44', '--raw', '--subdir', 'DAGS_FOLDER/minio-to-kafka.py', '--cfg-path', '/tmp/tmpjek12qve']
[2026-07-01T19:00:10.530+0000] {standard_task_runner.py:91} INFO - Job 44: Subtask dbt_run_transformations
[2026-07-01T19:00:10.681+0000] {task_command.py:426} INFO - Running <TaskInstance: spotify_minio_to_duckdb_pipeline.dbt_run_transformations scheduled__2026-07-01T18:00:00+00:00 [running]> on host 0e8ad39bfb13
[2026-07-01T19:00:10.864+0000] {taskinstance.py:2648} INFO - Exporting env vars: AIRFLOW_CTX_DAG_OWNER='***' AIRFLOW_CTX_DAG_ID='spotify_minio_to_duckdb_pipeline' AIRFLOW_CTX_TASK_ID='dbt_run_transformations' AIRFLOW_CTX_EXECUTION_DATE='2026-07-01T18:00:00+00:00' AIRFLOW_CTX_TRY_NUMBER='1' AIRFLOW_CTX_DAG_RUN_ID='scheduled__2026-07-01T18:00:00+00:00'
[2026-07-01T19:00:10.866+0000] {taskinstance.py:430} INFO - ::endgroup::
[2026-07-01T19:00:10.910+0000] {subprocess.py:63} INFO - Tmp dir root location: /tmp
[2026-07-01T19:00:10.913+0000] {subprocess.py:75} INFO - Running command: ['/usr/bin/bash', '-c', 'pip install dbt-duckdb --quiet && cd /opt/***/dbt_transformation && dbt run --profiles-dir .']
[2026-07-01T19:00:10.941+0000] {subprocess.py:86} INFO - Output:
[2026-07-01T19:00:14.547+0000] {subprocess.py:93} INFO - 
[2026-07-01T19:00:14.548+0000] {subprocess.py:93} INFO - [notice] A new release of pip is available: 24.2 -> 26.1.2
[2026-07-01T19:00:14.549+0000] {subprocess.py:93} INFO - [notice] To update, run: pip install --upgrade pip
[2026-07-01T19:00:19.453+0000] {subprocess.py:93} INFO - [0m19:00:19  Running with dbt=1.11.12
[2026-07-01T19:00:20.954+0000] {subprocess.py:93} INFO - [0m19:00:20  Registered adapter: duckdb=1.10.1
[2026-07-01T19:00:22.166+0000] {subprocess.py:93} INFO - [0m19:00:22  [[33mWARNING[0m]: Configuration paths exist in your dbt_project.yml file which do not apply to any resources.
[2026-07-01T19:00:22.168+0000] {subprocess.py:93} INFO - There are 1 unused configuration paths:
[2026-07-01T19:00:22.170+0000] {subprocess.py:93} INFO - - models.dbt_transformation.example
[2026-07-01T19:00:22.721+0000] {subprocess.py:93} INFO - [0m19:00:22  Found 3 models, 1 source, 485 macros
[2026-07-01T19:00:22.731+0000] {subprocess.py:93} INFO - [0m19:00:22
[2026-07-01T19:00:22.734+0000] {subprocess.py:93} INFO - [0m19:00:22  Concurrency: 1 threads (target='dev')
[2026-07-01T19:00:22.737+0000] {subprocess.py:93} INFO - [0m19:00:22
[2026-07-01T19:00:23.735+0000] {subprocess.py:93} INFO - [0m19:00:23  1 of 3 START sql table model main_silver.stg_tracks ............................ [RUN]
[2026-07-01T19:00:29.456+0000] {subprocess.py:93} INFO - [0m19:00:29  1 of 3 OK created sql table model main_silver.stg_tracks ....................... [[32mOK[0m in 5.70s]
[2026-07-01T19:00:29.490+0000] {subprocess.py:93} INFO - [0m19:00:29  2 of 3 START sql table model main_gold.fact_top_tracks ......................... [RUN]
[2026-07-01T19:00:30.098+0000] {subprocess.py:93} INFO - [0m19:00:30  2 of 3 OK created sql table model main_gold.fact_top_tracks .................... [[32mOK[0m in 0.59s]
[2026-07-01T19:00:30.122+0000] {subprocess.py:93} INFO - [0m19:00:30  3 of 3 START sql table model main_gold.fact_user_engagement .................... [RUN]
[2026-07-01T19:00:30.812+0000] {subprocess.py:93} INFO - [0m19:00:30  3 of 3 OK created sql table model main_gold.fact_user_engagement ............... [[32mOK[0m in 0.68s]
[2026-07-01T19:00:30.895+0000] {subprocess.py:93} INFO - [0m19:00:30
[2026-07-01T19:00:30.911+0000] {subprocess.py:93} INFO - [0m19:00:30  Finished running 3 table models in 0 hours 0 minutes and 8.15 seconds (8.15s).
[2026-07-01T19:00:31.475+0000] {subprocess.py:93} INFO - [0m19:00:31
[2026-07-01T19:00:31.479+0000] {subprocess.py:93} INFO - [0m19:00:31  [32mCompleted successfully[0m
[2026-07-01T19:00:31.482+0000] {subprocess.py:93} INFO - [0m19:00:31
[2026-07-01T19:00:31.486+0000] {subprocess.py:93} INFO - [0m19:00:31  Done. PASS=3 WARN=0 ERROR=0 SKIP=0 NO-OP=0 TOTAL=3
[2026-07-01T19:00:33.392+0000] {subprocess.py:97} INFO - Command exited with return code 0
[2026-07-01T19:00:33.398+0000] {taskinstance.py:441} INFO - ::group::Post task execution logs
[2026-07-01T19:00:33.951+0000] {taskinstance.py:1206} INFO - Marking task as SUCCESS. dag_id=spotify_minio_to_duckdb_pipeline, task_id=dbt_run_transformations, run_id=scheduled__2026-07-01T18:00:00+00:00, execution_date=20260701T180000, start_date=20260701T190010, end_date=20260701T190033
[2026-07-01T19:00:34.005+0000] {local_task_job_runner.py:243} INFO - Task exited with return code 0
[2026-07-01T19:00:34.049+0000] {taskinstance.py:3503} INFO - 0 downstream tasks scheduled from follow-on schedule check
[2026-07-01T19:00:34.052+0000] {local_task_job_runner.py:222} INFO - ::endgroup::
