[2026-07-01T17:05:12.310+0000] {local_task_job_runner.py:120} INFO - ::group::Pre task execution logs
[2026-07-01T17:05:12.364+0000] {taskinstance.py:2076} INFO - Dependencies all met for dep_context=non-requeueable deps ti=<TaskInstance: spotify_minio_to_duckdb_pipeline.dbt_run_transformations manual__2026-07-01T16:59:16.470174+00:00 [queued]>
[2026-07-01T17:05:12.378+0000] {taskinstance.py:2076} INFO - Dependencies all met for dep_context=requeueable deps ti=<TaskInstance: spotify_minio_to_duckdb_pipeline.dbt_run_transformations manual__2026-07-01T16:59:16.470174+00:00 [queued]>
[2026-07-01T17:05:12.379+0000] {taskinstance.py:2306} INFO - Starting attempt 2 of 2
[2026-07-01T17:05:12.403+0000] {taskinstance.py:2330} INFO - Executing <Task(BashOperator): dbt_run_transformations> on 2026-07-01 16:59:16.470174+00:00
[2026-07-01T17:05:12.416+0000] {standard_task_runner.py:64} INFO - Started process 371 to run task
[2026-07-01T17:05:12.423+0000] {standard_task_runner.py:90} INFO - Running: ['***', 'tasks', 'run', 'spotify_minio_to_duckdb_pipeline', 'dbt_run_transformations', 'manual__2026-07-01T16:59:16.470174+00:00', '--job-id', '37', '--raw', '--subdir', 'DAGS_FOLDER/minio-to-kafka.py', '--cfg-path', '/tmp/tmpnfidyhmg']
[2026-07-01T17:05:12.436+0000] {standard_task_runner.py:91} INFO - Job 37: Subtask dbt_run_transformations
[2026-07-01T17:05:12.654+0000] {task_command.py:426} INFO - Running <TaskInstance: spotify_minio_to_duckdb_pipeline.dbt_run_transformations manual__2026-07-01T16:59:16.470174+00:00 [running]> on host 0e8ad39bfb13
[2026-07-01T17:05:12.816+0000] {taskinstance.py:2648} INFO - Exporting env vars: AIRFLOW_CTX_DAG_OWNER='***' AIRFLOW_CTX_DAG_ID='spotify_minio_to_duckdb_pipeline' AIRFLOW_CTX_TASK_ID='dbt_run_transformations' AIRFLOW_CTX_EXECUTION_DATE='2026-07-01T16:59:16.470174+00:00' AIRFLOW_CTX_TRY_NUMBER='2' AIRFLOW_CTX_DAG_RUN_ID='manual__2026-07-01T16:59:16.470174+00:00'
[2026-07-01T17:05:12.818+0000] {taskinstance.py:430} INFO - ::endgroup::
[2026-07-01T17:05:12.843+0000] {subprocess.py:63} INFO - Tmp dir root location: /tmp
[2026-07-01T17:05:12.845+0000] {subprocess.py:75} INFO - Running command: ['/usr/bin/bash', '-c', 'pip install dbt-duckdb --quiet && cd /opt/***/dbt_transformation && dbt run --profiles-dir .']
[2026-07-01T17:05:12.863+0000] {subprocess.py:86} INFO - Output:
[2026-07-01T17:05:17.302+0000] {subprocess.py:93} INFO - 
[2026-07-01T17:05:17.302+0000] {subprocess.py:93} INFO - [notice] A new release of pip is available: 24.2 -> 26.1.2
[2026-07-01T17:05:17.303+0000] {subprocess.py:93} INFO - [notice] To update, run: pip install --upgrade pip
[2026-07-01T17:05:22.924+0000] {subprocess.py:93} INFO - [0m17:05:22  Running with dbt=1.11.12
[2026-07-01T17:05:24.363+0000] {subprocess.py:93} INFO - [0m17:05:24  Registered adapter: duckdb=1.10.1
[2026-07-01T17:05:25.375+0000] {subprocess.py:93} INFO - [0m17:05:25  [[33mWARNING[0m]: Configuration paths exist in your dbt_project.yml file which do not apply to any resources.
[2026-07-01T17:05:25.376+0000] {subprocess.py:93} INFO - There are 1 unused configuration paths:
[2026-07-01T17:05:25.377+0000] {subprocess.py:93} INFO - - models.dbt_transformation.example
[2026-07-01T17:05:26.009+0000] {subprocess.py:93} INFO - [0m17:05:26  Found 2 models, 1 source, 485 macros
[2026-07-01T17:05:26.022+0000] {subprocess.py:93} INFO - [0m17:05:26
[2026-07-01T17:05:26.026+0000] {subprocess.py:93} INFO - [0m17:05:26  Concurrency: 1 threads (target='dev')
[2026-07-01T17:05:26.032+0000] {subprocess.py:93} INFO - [0m17:05:26
[2026-07-01T17:05:26.774+0000] {subprocess.py:93} INFO - [0m17:05:26  1 of 2 START sql table model main_silver.stg_tracks ............................ [RUN]
[2026-07-01T17:05:27.078+0000] {subprocess.py:93} INFO - [0m17:05:27  1 of 2 ERROR creating sql table model main_silver.stg_tracks ................... [[31mERROR[0m in 0.29s]
[2026-07-01T17:05:27.096+0000] {subprocess.py:93} INFO - [0m17:05:27  2 of 2 SKIP relation main_gold.fact_top_tracks ................................. [[33mSKIP[0m]
[2026-07-01T17:05:27.163+0000] {subprocess.py:93} INFO - [0m17:05:27
[2026-07-01T17:05:27.169+0000] {subprocess.py:93} INFO - [0m17:05:27  Finished running 2 table models in 0 hours 0 minutes and 1.12 seconds (1.12s).
[2026-07-01T17:05:27.411+0000] {subprocess.py:93} INFO - [0m17:05:27
[2026-07-01T17:05:27.415+0000] {subprocess.py:93} INFO - [0m17:05:27  [31mCompleted with 1 error, 0 partial successes, and 0 warnings:[0m
[2026-07-01T17:05:27.418+0000] {subprocess.py:93} INFO - [0m17:05:27
[2026-07-01T17:05:27.422+0000] {subprocess.py:93} INFO - [0m17:05:27  [31mFailure in model stg_tracks (models/silver/stg_tracks.sql)[0m
[2026-07-01T17:05:27.425+0000] {subprocess.py:93} INFO - [0m17:05:27    Runtime Error in model stg_tracks (models/silver/stg_tracks.sql)
[2026-07-01T17:05:27.427+0000] {subprocess.py:93} INFO -   IO Error: No files found that match the pattern "s3://spotify/*.json"
[2026-07-01T17:05:27.429+0000] {subprocess.py:93} INFO - [0m17:05:27
[2026-07-01T17:05:27.432+0000] {subprocess.py:93} INFO - [0m17:05:27    compiled code at target/compiled/dbt_transformation/models/silver/stg_tracks.sql
[2026-07-01T17:05:27.435+0000] {subprocess.py:93} INFO - [0m17:05:27
[2026-07-01T17:05:27.439+0000] {subprocess.py:93} INFO - [0m17:05:27  Done. PASS=0 WARN=0 ERROR=1 SKIP=1 NO-OP=0 TOTAL=2
[2026-07-01T17:05:28.730+0000] {subprocess.py:97} INFO - Command exited with return code 1
[2026-07-01T17:05:28.732+0000] {taskinstance.py:441} INFO - ::group::Post task execution logs
[2026-07-01T17:05:28.763+0000] {taskinstance.py:2905} ERROR - Task failed with exception
Traceback (most recent call last):
  File "/home/airflow/.local/lib/python3.12/site-packages/airflow/models/taskinstance.py", line 465, in _execute_task
    result = _execute_callable(context=context, **execute_callable_kwargs)
             ^^^^^^^^^^^^^^^^^^^^^^^^^^^^^^^^^^^^^^^^^^^^^^^^^^^^^^^^^^^^^
  File "/home/airflow/.local/lib/python3.12/site-packages/airflow/models/taskinstance.py", line 432, in _execute_callable
    return execute_callable(context=context, **execute_callable_kwargs)
           ^^^^^^^^^^^^^^^^^^^^^^^^^^^^^^^^^^^^^^^^^^^^^^^^^^^^^^^^^^^^
  File "/home/airflow/.local/lib/python3.12/site-packages/airflow/models/baseoperator.py", line 401, in wrapper
    return func(self, *args, **kwargs)
           ^^^^^^^^^^^^^^^^^^^^^^^^^^^
  File "/home/airflow/.local/lib/python3.12/site-packages/airflow/operators/bash.py", line 243, in execute
    raise AirflowException(
airflow.exceptions.AirflowException: Bash command failed. The command returned a non-zero exit code 1.
[2026-07-01T17:05:28.774+0000] {taskinstance.py:1206} INFO - Marking task as FAILED. dag_id=spotify_minio_to_duckdb_pipeline, task_id=dbt_run_transformations, run_id=manual__2026-07-01T16:59:16.470174+00:00, execution_date=20260701T165916, start_date=20260701T170512, end_date=20260701T170528
[2026-07-01T17:05:28.977+0000] {standard_task_runner.py:110} ERROR - Failed to execute job 37 for task dbt_run_transformations (Bash command failed. The command returned a non-zero exit code 1.; 371)
[2026-07-01T17:05:29.014+0000] {local_task_job_runner.py:243} INFO - Task exited with return code 1
[2026-07-01T17:05:29.039+0000] {taskinstance.py:3503} INFO - 0 downstream tasks scheduled from follow-on schedule check
[2026-07-01T17:05:29.042+0000] {local_task_job_runner.py:222} INFO - ::endgroup::
