[2026-07-01T14:46:57.178+0000] {local_task_job_runner.py:120} INFO - ::group::Pre task execution logs
[2026-07-01T14:46:57.225+0000] {taskinstance.py:2076} INFO - Dependencies all met for dep_context=non-requeueable deps ti=<TaskInstance: spotify_minio_to_duckdb_pipeline.dbt_run_transformations manual__2026-07-01T14:41:26.505552+00:00 [queued]>
[2026-07-01T14:46:57.238+0000] {taskinstance.py:2076} INFO - Dependencies all met for dep_context=requeueable deps ti=<TaskInstance: spotify_minio_to_duckdb_pipeline.dbt_run_transformations manual__2026-07-01T14:41:26.505552+00:00 [queued]>
[2026-07-01T14:46:57.239+0000] {taskinstance.py:2306} INFO - Starting attempt 2 of 2
[2026-07-01T14:46:57.254+0000] {taskinstance.py:2330} INFO - Executing <Task(BashOperator): dbt_run_transformations> on 2026-07-01 14:41:26.505552+00:00
[2026-07-01T14:46:57.264+0000] {standard_task_runner.py:64} INFO - Started process 239 to run task
[2026-07-01T14:46:57.269+0000] {standard_task_runner.py:90} INFO - Running: ['***', 'tasks', 'run', 'spotify_minio_to_duckdb_pipeline', 'dbt_run_transformations', 'manual__2026-07-01T14:41:26.505552+00:00', '--job-id', '23', '--raw', '--subdir', 'DAGS_FOLDER/minio-to-kafka.py', '--cfg-path', '/tmp/tmp25mz_1ey']
[2026-07-01T14:46:57.273+0000] {standard_task_runner.py:91} INFO - Job 23: Subtask dbt_run_transformations
[2026-07-01T14:46:57.393+0000] {task_command.py:426} INFO - Running <TaskInstance: spotify_minio_to_duckdb_pipeline.dbt_run_transformations manual__2026-07-01T14:41:26.505552+00:00 [running]> on host 0e8ad39bfb13
[2026-07-01T14:46:57.511+0000] {taskinstance.py:2648} INFO - Exporting env vars: AIRFLOW_CTX_DAG_OWNER='***' AIRFLOW_CTX_DAG_ID='spotify_minio_to_duckdb_pipeline' AIRFLOW_CTX_TASK_ID='dbt_run_transformations' AIRFLOW_CTX_EXECUTION_DATE='2026-07-01T14:41:26.505552+00:00' AIRFLOW_CTX_TRY_NUMBER='2' AIRFLOW_CTX_DAG_RUN_ID='manual__2026-07-01T14:41:26.505552+00:00'
[2026-07-01T14:46:57.512+0000] {taskinstance.py:430} INFO - ::endgroup::
[2026-07-01T14:46:57.536+0000] {subprocess.py:63} INFO - Tmp dir root location: /tmp
[2026-07-01T14:46:57.539+0000] {subprocess.py:75} INFO - Running command: ['/usr/bin/bash', '-c', 'pip install dbt-duckdb --quiet && cd /opt/***/dbt_transformation && dbt run']
[2026-07-01T14:46:57.552+0000] {subprocess.py:86} INFO - Output:
[2026-07-01T14:47:00.481+0000] {subprocess.py:93} INFO - 
[2026-07-01T14:47:00.482+0000] {subprocess.py:93} INFO - [notice] A new release of pip is available: 24.2 -> 26.1.2
[2026-07-01T14:47:00.483+0000] {subprocess.py:93} INFO - [notice] To update, run: pip install --upgrade pip
[2026-07-01T14:47:06.653+0000] {subprocess.py:93} INFO - Usage: dbt run [OPTIONS]
[2026-07-01T14:47:06.654+0000] {subprocess.py:93} INFO - Try 'dbt run --help' for help.
[2026-07-01T14:47:06.654+0000] {subprocess.py:93} INFO - 
[2026-07-01T14:47:06.655+0000] {subprocess.py:93} INFO - Error: Invalid value for '--profiles-dir': Path '/home/***/.dbt' does not exist.
[2026-07-01T14:47:06.945+0000] {subprocess.py:97} INFO - Command exited with return code 2
[2026-07-01T14:47:06.947+0000] {taskinstance.py:441} INFO - ::group::Post task execution logs
[2026-07-01T14:47:06.983+0000] {taskinstance.py:2905} ERROR - Task failed with exception
Traceback (most recent call last):
  File "/home/airflow/.local/lib/python3.12/site-packages/airflow/models/taskinstance.py", line 465, in _execute_task
    result = _execute_callable(context=context, **execute_callable_kwargs)
             ^^^^^^^^^^^^^^^^^^^^^^^^^^^^^^^^^^^^^^^^^^^^^^^^^^^^^^^^^^^^^
  File "/home/airflow/.local/lib/python3.12/site-packages/airflow/models/taskinstance.py", line 432, in _execute_callable
    return execute_callable(context=context, **execute_callable_kwargs)
           ^^^^^^^^^^^^^^^^^^^^^^^^^^^^^^^^^^^^^^^^^^^^^^^^^^^^^^^^^^^^
  File "/home/airflow/.local/lib/python3.12/site-packages/airflow/models/baseoperator.py", line 401, in wrapper
    return func(self, *args, **kwargs)
           ^^^^^^^^^^^^^^^^^^^^^^^^^^^
  File "/home/airflow/.local/lib/python3.12/site-packages/airflow/operators/bash.py", line 243, in execute
    raise AirflowException(
airflow.exceptions.AirflowException: Bash command failed. The command returned a non-zero exit code 2.
[2026-07-01T14:47:06.991+0000] {taskinstance.py:1206} INFO - Marking task as FAILED. dag_id=spotify_minio_to_duckdb_pipeline, task_id=dbt_run_transformations, run_id=manual__2026-07-01T14:41:26.505552+00:00, execution_date=20260701T144126, start_date=20260701T144657, end_date=20260701T144706
[2026-07-01T14:47:07.249+0000] {standard_task_runner.py:110} ERROR - Failed to execute job 23 for task dbt_run_transformations (Bash command failed. The command returned a non-zero exit code 2.; 239)
[2026-07-01T14:47:07.300+0000] {local_task_job_runner.py:243} INFO - Task exited with return code 1
[2026-07-01T14:47:07.323+0000] {taskinstance.py:3503} INFO - 0 downstream tasks scheduled from follow-on schedule check
[2026-07-01T14:47:07.326+0000] {local_task_job_runner.py:222} INFO - ::endgroup::
