[2026-06-30T16:38:06.054+0000] {local_task_job_runner.py:120} INFO - ::group::Pre task execution logs
[2026-06-30T16:38:06.148+0000] {taskinstance.py:2076} INFO - Dependencies all met for dep_context=non-requeueable deps ti=<TaskInstance: spotify_minio_to_snowflake_bronze.extract_data scheduled__2026-06-30T15:00:00+00:00 [queued]>
[2026-06-30T16:38:06.165+0000] {taskinstance.py:2076} INFO - Dependencies all met for dep_context=requeueable deps ti=<TaskInstance: spotify_minio_to_snowflake_bronze.extract_data scheduled__2026-06-30T15:00:00+00:00 [queued]>
[2026-06-30T16:38:06.167+0000] {taskinstance.py:2306} INFO - Starting attempt 1 of 2
[2026-06-30T16:38:06.187+0000] {taskinstance.py:2330} INFO - Executing <Task(PythonOperator): extract_data> on 2026-06-30 15:00:00+00:00
[2026-06-30T16:38:06.211+0000] {standard_task_runner.py:90} INFO - Running: ['***', 'tasks', 'run', 'spotify_minio_to_snowflake_bronze', 'extract_data', 'scheduled__2026-06-30T15:00:00+00:00', '--job-id', '3', '--raw', '--subdir', 'DAGS_FOLDER/minio-to-kafka.py', '--cfg-path', '/tmp/tmp8084b7w1']
[2026-06-30T16:38:06.217+0000] {standard_task_runner.py:91} INFO - Job 3: Subtask extract_data
[2026-06-30T16:38:06.216+0000] {logging_mixin.py:188} WARNING - /home/***/.local/lib/python3.12/site-packages/***/task/task_runner/standard_task_runner.py:62 DeprecationWarning: This process (pid=57) is multi-threaded, use of fork() may lead to deadlocks in the child.
[2026-06-30T16:38:06.218+0000] {standard_task_runner.py:64} INFO - Started process 70 to run task
[2026-06-30T16:38:06.409+0000] {task_command.py:426} INFO - Running <TaskInstance: spotify_minio_to_snowflake_bronze.extract_data scheduled__2026-06-30T15:00:00+00:00 [running]> on host afdb9c31d045
[2026-06-30T16:38:06.610+0000] {taskinstance.py:2648} INFO - Exporting env vars: AIRFLOW_CTX_DAG_OWNER='***' AIRFLOW_CTX_DAG_ID='spotify_minio_to_snowflake_bronze' AIRFLOW_CTX_TASK_ID='extract_data' AIRFLOW_CTX_EXECUTION_DATE='2026-06-30T15:00:00+00:00' AIRFLOW_CTX_TRY_NUMBER='1' AIRFLOW_CTX_DAG_RUN_ID='scheduled__2026-06-30T15:00:00+00:00'
[2026-06-30T16:38:06.615+0000] {taskinstance.py:430} INFO - ::endgroup::
[2026-06-30T16:38:08.193+0000] {taskinstance.py:441} INFO - ::group::Post task execution logs
[2026-06-30T16:38:08.196+0000] {taskinstance.py:2905} ERROR - Task failed with exception
Traceback (most recent call last):
  File "/home/airflow/.local/lib/python3.12/site-packages/airflow/models/taskinstance.py", line 465, in _execute_task
    result = _execute_callable(context=context, **execute_callable_kwargs)
             ^^^^^^^^^^^^^^^^^^^^^^^^^^^^^^^^^^^^^^^^^^^^^^^^^^^^^^^^^^^^^
  File "/home/airflow/.local/lib/python3.12/site-packages/airflow/models/taskinstance.py", line 432, in _execute_callable
    return execute_callable(context=context, **execute_callable_kwargs)
           ^^^^^^^^^^^^^^^^^^^^^^^^^^^^^^^^^^^^^^^^^^^^^^^^^^^^^^^^^^^^
  File "/home/airflow/.local/lib/python3.12/site-packages/airflow/models/baseoperator.py", line 401, in wrapper
    return func(self, *args, **kwargs)
           ^^^^^^^^^^^^^^^^^^^^^^^^^^^
  File "/home/airflow/.local/lib/python3.12/site-packages/airflow/operators/python.py", line 235, in execute
    return_value = self.execute_callable()
                   ^^^^^^^^^^^^^^^^^^^^^^^
  File "/home/airflow/.local/lib/python3.12/site-packages/airflow/operators/python.py", line 252, in execute_callable
    return self.python_callable(*self.op_args, **self.op_kwargs)
           ^^^^^^^^^^^^^^^^^^^^^^^^^^^^^^^^^^^^^^^^^^^^^^^^^^^^^
  File "/opt/airflow/dags/minio-to-kafka.py", line 53, in extract_from_minio
    response = s3.list_objects_v2(Bucket=MINIO_BUCKET, Prefix=MINIO_PREFIX)
               ^^^^^^^^^^^^^^^^^^^^^^^^^^^^^^^^^^^^^^^^^^^^^^^^^^^^^^^^^^^^
  File "/home/airflow/.local/lib/python3.12/site-packages/botocore/client.py", line 565, in _api_call
    return self._make_api_call(operation_name, kwargs)
           ^^^^^^^^^^^^^^^^^^^^^^^^^^^^^^^^^^^^^^^^^^^
  File "/home/airflow/.local/lib/python3.12/site-packages/botocore/client.py", line 1021, in _make_api_call
    raise error_class(parsed_response, operation_name)
botocore.exceptions.ClientError: An error occurred (InvalidAccessKeyId) when calling the ListObjectsV2 operation: The Access Key Id you provided does not exist in our records.
[2026-06-30T16:38:08.245+0000] {taskinstance.py:1206} INFO - Marking task as UP_FOR_RETRY. dag_id=spotify_minio_to_snowflake_bronze, task_id=extract_data, run_id=scheduled__2026-06-30T15:00:00+00:00, execution_date=20260630T150000, start_date=20260630T163806, end_date=20260630T163808
[2026-06-30T16:38:08.291+0000] {standard_task_runner.py:110} ERROR - Failed to execute job 3 for task extract_data (An error occurred (InvalidAccessKeyId) when calling the ListObjectsV2 operation: The Access Key Id you provided does not exist in our records.; 70)
[2026-06-30T16:38:08.348+0000] {local_task_job_runner.py:243} INFO - Task exited with return code 1
[2026-06-30T16:38:08.459+0000] {taskinstance.py:3503} INFO - 0 downstream tasks scheduled from follow-on schedule check
[2026-06-30T16:38:08.463+0000] {local_task_job_runner.py:222} INFO - ::endgroup::
