[2026-07-01T17:05:37.175+0000] {local_task_job_runner.py:120} INFO - ::group::Pre task execution logs
[2026-07-01T17:05:37.223+0000] {taskinstance.py:2076} INFO - Dependencies all met for dep_context=non-requeueable deps ti=<TaskInstance: spotify_minio_to_duckdb_pipeline.dbt_run_transformations scheduled__2026-07-01T16:00:00+00:00 [queued]>
[2026-07-01T17:05:37.236+0000] {taskinstance.py:2076} INFO - Dependencies all met for dep_context=requeueable deps ti=<TaskInstance: spotify_minio_to_duckdb_pipeline.dbt_run_transformations scheduled__2026-07-01T16:00:00+00:00 [queued]>
[2026-07-01T17:05:37.237+0000] {taskinstance.py:2306} INFO - Starting attempt 2 of 3
[2026-07-01T17:05:37.255+0000] {taskinstance.py:2330} INFO - Executing <Task(BashOperator): dbt_run_transformations> on 2026-07-01 16:00:00+00:00
[2026-07-01T17:05:37.262+0000] {standard_task_runner.py:64} INFO - Started process 443 to run task
[2026-07-01T17:05:37.266+0000] {standard_task_runner.py:90} INFO - Running: ['***', 'tasks', 'run', 'spotify_minio_to_duckdb_pipeline', 'dbt_run_transformations', 'scheduled__2026-07-01T16:00:00+00:00', '--job-id', '38', '--raw', '--subdir', 'DAGS_FOLDER/minio-to-kafka.py', '--cfg-path', '/tmp/tmpodgjsdtq']
[2026-07-01T17:05:37.270+0000] {standard_task_runner.py:91} INFO - Job 38: Subtask dbt_run_transformations
[2026-07-01T17:05:37.374+0000] {task_command.py:426} INFO - Running <TaskInstance: spotify_minio_to_duckdb_pipeline.dbt_run_transformations scheduled__2026-07-01T16:00:00+00:00 [running]> on host 0e8ad39bfb13
[2026-07-01T17:05:37.509+0000] {taskinstance.py:2648} INFO - Exporting env vars: AIRFLOW_CTX_DAG_OWNER='***' AIRFLOW_CTX_DAG_ID='spotify_minio_to_duckdb_pipeline' AIRFLOW_CTX_TASK_ID='dbt_run_transformations' AIRFLOW_CTX_EXECUTION_DATE='2026-07-01T16:00:00+00:00' AIRFLOW_CTX_TRY_NUMBER='2' AIRFLOW_CTX_DAG_RUN_ID='scheduled__2026-07-01T16:00:00+00:00'
[2026-07-01T17:05:37.510+0000] {taskinstance.py:430} INFO - ::endgroup::
[2026-07-01T17:05:37.535+0000] {subprocess.py:63} INFO - Tmp dir root location: /tmp
[2026-07-01T17:05:37.537+0000] {subprocess.py:75} INFO - Running command: ['/usr/bin/bash', '-c', 'pip install dbt-duckdb --quiet && cd /opt/***/dbt_transformation && dbt run --profiles-dir .']
[2026-07-01T17:05:37.549+0000] {subprocess.py:86} INFO - Output:
[2026-07-01T17:05:42.770+0000] {subprocess.py:93} INFO - 
[2026-07-01T17:05:42.772+0000] {subprocess.py:93} INFO - [notice] A new release of pip is available: 24.2 -> 26.1.2
[2026-07-01T17:05:42.773+0000] {subprocess.py:93} INFO - [notice] To update, run: pip install --upgrade pip
[2026-07-01T17:05:50.355+0000] {subprocess.py:93} INFO - [0m17:05:50  Running with dbt=1.11.12
[2026-07-01T17:05:51.078+0000] {subprocess.py:93} INFO - [0m17:05:51  Registered adapter: duckdb=1.10.1
[2026-07-01T17:05:51.730+0000] {subprocess.py:93} INFO - [0m17:05:51  [[33mWARNING[0m]: Configuration paths exist in your dbt_project.yml file which do not apply to any resources.
[2026-07-01T17:05:51.731+0000] {subprocess.py:93} INFO - There are 1 unused configuration paths:
[2026-07-01T17:05:51.731+0000] {subprocess.py:93} INFO - - models.dbt_transformation.example
[2026-07-01T17:05:52.005+0000] {subprocess.py:93} INFO - [0m17:05:52  Found 2 models, 1 source, 485 macros
[2026-07-01T17:05:52.011+0000] {subprocess.py:93} INFO - [0m17:05:52
[2026-07-01T17:05:52.014+0000] {subprocess.py:93} INFO - [0m17:05:52  Concurrency: 1 threads (target='dev')
[2026-07-01T17:05:52.018+0000] {subprocess.py:93} INFO - [0m17:05:52
[2026-07-01T17:05:52.577+0000] {subprocess.py:93} INFO - [0m17:05:52  1 of 2 START sql table model main_silver.stg_tracks ............................ [RUN]
[2026-07-01T17:05:52.822+0000] {subprocess.py:93} INFO - [0m17:05:52  1 of 2 ERROR creating sql table model main_silver.stg_tracks ................... [[31mERROR[0m in 0.24s]
[2026-07-01T17:05:52.835+0000] {subprocess.py:93} INFO - [0m17:05:52  2 of 2 SKIP relation main_gold.fact_top_tracks ................................. [[33mSKIP[0m]
[2026-07-01T17:05:52.869+0000] {subprocess.py:93} INFO - [0m17:05:52
[2026-07-01T17:05:52.871+0000] {subprocess.py:93} INFO - [0m17:05:52  Finished running 2 table models in 0 hours 0 minutes and 0.85 seconds (0.85s).
[2026-07-01T17:05:53.100+0000] {subprocess.py:93} INFO - [0m17:05:53
[2026-07-01T17:05:53.104+0000] {subprocess.py:93} INFO - [0m17:05:53  [31mCompleted with 1 error, 0 partial successes, and 0 warnings:[0m
[2026-07-01T17:05:53.108+0000] {subprocess.py:93} INFO - [0m17:05:53
[2026-07-01T17:05:53.112+0000] {subprocess.py:93} INFO - [0m17:05:53  [31mFailure in model stg_tracks (models/silver/stg_tracks.sql)[0m
[2026-07-01T17:05:53.119+0000] {subprocess.py:93} INFO - [0m17:05:53    Runtime Error in model stg_tracks (models/silver/stg_tracks.sql)
[2026-07-01T17:05:53.120+0000] {subprocess.py:93} INFO -   IO Error: No files found that match the pattern "s3://spotify/*.json"
[2026-07-01T17:05:53.123+0000] {subprocess.py:93} INFO - [0m17:05:53
[2026-07-01T17:05:53.126+0000] {subprocess.py:93} INFO - [0m17:05:53    compiled code at target/compiled/dbt_transformation/models/silver/stg_tracks.sql
[2026-07-01T17:05:53.131+0000] {subprocess.py:93} INFO - [0m17:05:53
[2026-07-01T17:05:53.137+0000] {subprocess.py:93} INFO - [0m17:05:53  Done. PASS=0 WARN=0 ERROR=1 SKIP=1 NO-OP=0 TOTAL=2
[2026-07-01T17:05:54.429+0000] {subprocess.py:97} INFO - Command exited with return code 1
[2026-07-01T17:05:54.432+0000] {taskinstance.py:441} INFO - ::group::Post task execution logs
[2026-07-01T17:05:54.457+0000] {taskinstance.py:2905} ERROR - Task failed with exception
Traceback (most recent call last):
  File "/home/airflow/.local/lib/python3.12/site-packages/airflow/models/taskinstance.py", line 465, in _execute_task
    result = _execute_callable(context=context, **execute_callable_kwargs)
             ^^^^^^^^^^^^^^^^^^^^^^^^^^^^^^^^^^^^^^^^^^^^^^^^^^^^^^^^^^^^^
  File "/home/airflow/.local/lib/python3.12/site-packages/airflow/models/taskinstance.py", line 432, in _execute_callable
    return execute_callable(context=context, **execute_callable_kwargs)
           ^^^^^^^^^^^^^^^^^^^^^^^^^^^^^^^^^^^^^^^^^^^^^^^^^^^^^^^^^^^^
  File "/home/airflow/.local/lib/python3.12/site-packages/airflow/models/baseoperator.py", line 401, in wrapper
    return func(self, *args, **kwargs)
           ^^^^^^^^^^^^^^^^^^^^^^^^^^^
  File "/home/airflow/.local/lib/python3.12/site-packages/airflow/operators/bash.py", line 243, in execute
    raise AirflowException(
airflow.exceptions.AirflowException: Bash command failed. The command returned a non-zero exit code 1.
[2026-07-01T17:05:54.464+0000] {taskinstance.py:1206} INFO - Marking task as UP_FOR_RETRY. dag_id=spotify_minio_to_duckdb_pipeline, task_id=dbt_run_transformations, run_id=scheduled__2026-07-01T16:00:00+00:00, execution_date=20260701T160000, start_date=20260701T170537, end_date=20260701T170554
[2026-07-01T17:05:54.695+0000] {standard_task_runner.py:110} ERROR - Failed to execute job 38 for task dbt_run_transformations (Bash command failed. The command returned a non-zero exit code 1.; 443)
[2026-07-01T17:05:54.722+0000] {local_task_job_runner.py:243} INFO - Task exited with return code 1
[2026-07-01T17:05:54.746+0000] {taskinstance.py:3503} INFO - 0 downstream tasks scheduled from follow-on schedule check
[2026-07-01T17:05:54.749+0000] {local_task_job_runner.py:222} INFO - ::endgroup::
