[2026-07-01T17:09:52.031+0000] {local_task_job_runner.py:120} INFO - ::group::Pre task execution logs
[2026-07-01T17:09:52.194+0000] {taskinstance.py:2076} INFO - Dependencies all met for dep_context=non-requeueable deps ti=<TaskInstance: spotify_minio_to_duckdb_pipeline.dbt_run_transformations scheduled__2026-07-01T16:00:00+00:00 [queued]>
[2026-07-01T17:09:52.228+0000] {taskinstance.py:2076} INFO - Dependencies all met for dep_context=requeueable deps ti=<TaskInstance: spotify_minio_to_duckdb_pipeline.dbt_run_transformations scheduled__2026-07-01T16:00:00+00:00 [queued]>
[2026-07-01T17:09:52.230+0000] {taskinstance.py:2306} INFO - Starting attempt 3 of 4
[2026-07-01T17:09:52.263+0000] {taskinstance.py:2330} INFO - Executing <Task(BashOperator): dbt_run_transformations> on 2026-07-01 16:00:00+00:00
[2026-07-01T17:09:52.274+0000] {standard_task_runner.py:64} INFO - Started process 522 to run task
[2026-07-01T17:09:52.281+0000] {standard_task_runner.py:90} INFO - Running: ['***', 'tasks', 'run', 'spotify_minio_to_duckdb_pipeline', 'dbt_run_transformations', 'scheduled__2026-07-01T16:00:00+00:00', '--job-id', '39', '--raw', '--subdir', 'DAGS_FOLDER/minio-to-kafka.py', '--cfg-path', '/tmp/tmp8ix0v6oj']
[2026-07-01T17:09:52.287+0000] {standard_task_runner.py:91} INFO - Job 39: Subtask dbt_run_transformations
[2026-07-01T17:09:52.563+0000] {task_command.py:426} INFO - Running <TaskInstance: spotify_minio_to_duckdb_pipeline.dbt_run_transformations scheduled__2026-07-01T16:00:00+00:00 [running]> on host 0e8ad39bfb13
[2026-07-01T17:09:52.818+0000] {taskinstance.py:2648} INFO - Exporting env vars: AIRFLOW_CTX_DAG_OWNER='***' AIRFLOW_CTX_DAG_ID='spotify_minio_to_duckdb_pipeline' AIRFLOW_CTX_TASK_ID='dbt_run_transformations' AIRFLOW_CTX_EXECUTION_DATE='2026-07-01T16:00:00+00:00' AIRFLOW_CTX_TRY_NUMBER='3' AIRFLOW_CTX_DAG_RUN_ID='scheduled__2026-07-01T16:00:00+00:00'
[2026-07-01T17:09:52.820+0000] {taskinstance.py:430} INFO - ::endgroup::
[2026-07-01T17:09:52.881+0000] {subprocess.py:63} INFO - Tmp dir root location: /tmp
[2026-07-01T17:09:52.884+0000] {subprocess.py:75} INFO - Running command: ['/usr/bin/bash', '-c', 'pip install dbt-duckdb --quiet && cd /opt/***/dbt_transformation && dbt run --profiles-dir .']
[2026-07-01T17:09:52.930+0000] {subprocess.py:86} INFO - Output:
[2026-07-01T17:09:59.587+0000] {subprocess.py:93} INFO - 
[2026-07-01T17:09:59.588+0000] {subprocess.py:93} INFO - [notice] A new release of pip is available: 24.2 -> 26.1.2
[2026-07-01T17:09:59.589+0000] {subprocess.py:93} INFO - [notice] To update, run: pip install --upgrade pip
[2026-07-01T17:10:07.089+0000] {subprocess.py:93} INFO - [0m17:10:07  Running with dbt=1.11.12
[2026-07-01T17:10:07.903+0000] {subprocess.py:93} INFO - [0m17:10:07  Registered adapter: duckdb=1.10.1
[2026-07-01T17:10:09.917+0000] {subprocess.py:93} INFO - [0m17:10:09  [[33mWARNING[0m]: Configuration paths exist in your dbt_project.yml file which do not apply to any resources.
[2026-07-01T17:10:09.927+0000] {subprocess.py:93} INFO - There are 1 unused configuration paths:
[2026-07-01T17:10:09.931+0000] {subprocess.py:93} INFO - - models.dbt_transformation.example
[2026-07-01T17:10:10.358+0000] {subprocess.py:93} INFO - [0m17:10:10  Found 2 models, 1 source, 485 macros
[2026-07-01T17:10:10.365+0000] {subprocess.py:93} INFO - [0m17:10:10
[2026-07-01T17:10:10.368+0000] {subprocess.py:93} INFO - [0m17:10:10  Concurrency: 1 threads (target='dev')
[2026-07-01T17:10:10.371+0000] {subprocess.py:93} INFO - [0m17:10:10
[2026-07-01T17:10:11.122+0000] {subprocess.py:93} INFO - [0m17:10:11  1 of 2 START sql table model main_silver.stg_tracks ............................ [RUN]
[2026-07-01T17:10:13.776+0000] {subprocess.py:93} INFO - [0m17:10:13  1 of 2 OK created sql table model main_silver.stg_tracks ....................... [[32mOK[0m in 2.63s]
[2026-07-01T17:10:13.818+0000] {subprocess.py:93} INFO - [0m17:10:13  2 of 2 START sql table model main_gold.fact_top_tracks ......................... [RUN]
[2026-07-01T17:10:14.691+0000] {subprocess.py:93} INFO - [0m17:10:14  2 of 2 OK created sql table model main_gold.fact_top_tracks .................... [[32mOK[0m in 0.86s]
[2026-07-01T17:10:14.763+0000] {subprocess.py:93} INFO - [0m17:10:14
[2026-07-01T17:10:14.767+0000] {subprocess.py:93} INFO - [0m17:10:14  Finished running 2 table models in 0 hours 0 minutes and 4.39 seconds (4.39s).
[2026-07-01T17:10:15.084+0000] {subprocess.py:93} INFO - [0m17:10:15
[2026-07-01T17:10:15.093+0000] {subprocess.py:93} INFO - [0m17:10:15  [32mCompleted successfully[0m
[2026-07-01T17:10:15.097+0000] {subprocess.py:93} INFO - [0m17:10:15
[2026-07-01T17:10:15.100+0000] {subprocess.py:93} INFO - [0m17:10:15  Done. PASS=2 WARN=0 ERROR=0 SKIP=0 NO-OP=0 TOTAL=2
[2026-07-01T17:10:17.143+0000] {subprocess.py:97} INFO - Command exited with return code 0
[2026-07-01T17:10:17.146+0000] {taskinstance.py:441} INFO - ::group::Post task execution logs
[2026-07-01T17:10:17.552+0000] {taskinstance.py:1206} INFO - Marking task as SUCCESS. dag_id=spotify_minio_to_duckdb_pipeline, task_id=dbt_run_transformations, run_id=scheduled__2026-07-01T16:00:00+00:00, execution_date=20260701T160000, start_date=20260701T170952, end_date=20260701T171017
[2026-07-01T17:10:17.647+0000] {local_task_job_runner.py:243} INFO - Task exited with return code 0
[2026-07-01T17:10:17.690+0000] {taskinstance.py:3503} INFO - 0 downstream tasks scheduled from follow-on schedule check
[2026-07-01T17:10:17.693+0000] {local_task_job_runner.py:222} INFO - ::endgroup::
