[2026-07-01T21:00:27.147+0000] {local_task_job_runner.py:120} INFO - ::group::Pre task execution logs
[2026-07-01T21:00:27.509+0000] {taskinstance.py:2076} INFO - Dependencies all met for dep_context=non-requeueable deps ti=<TaskInstance: spotify_minio_to_duckdb_pipeline.dbt_run_transformations scheduled__2026-07-01T19:00:00+00:00 [queued]>
[2026-07-01T21:00:27.648+0000] {taskinstance.py:2076} INFO - Dependencies all met for dep_context=requeueable deps ti=<TaskInstance: spotify_minio_to_duckdb_pipeline.dbt_run_transformations scheduled__2026-07-01T19:00:00+00:00 [queued]>
[2026-07-01T21:00:27.696+0000] {taskinstance.py:2306} INFO - Starting attempt 1 of 2
[2026-07-01T21:00:27.849+0000] {taskinstance.py:2330} INFO - Executing <Task(BashOperator): dbt_run_transformations> on 2026-07-01 19:00:00+00:00
[2026-07-01T21:00:27.955+0000] {standard_task_runner.py:64} INFO - Started process 5065 to run task
[2026-07-01T21:00:28.120+0000] {standard_task_runner.py:90} INFO - Running: ['***', 'tasks', 'run', 'spotify_minio_to_duckdb_pipeline', 'dbt_run_transformations', 'scheduled__2026-07-01T19:00:00+00:00', '--job-id', '45', '--raw', '--subdir', 'DAGS_FOLDER/minio-to-kafka.py', '--cfg-path', '/tmp/tmpsw9liz4q']
[2026-07-01T21:00:28.176+0000] {standard_task_runner.py:91} INFO - Job 45: Subtask dbt_run_transformations
[2026-07-01T21:00:29.993+0000] {task_command.py:426} INFO - Running <TaskInstance: spotify_minio_to_duckdb_pipeline.dbt_run_transformations scheduled__2026-07-01T19:00:00+00:00 [running]> on host 0e8ad39bfb13
[2026-07-01T21:00:31.526+0000] {taskinstance.py:2648} INFO - Exporting env vars: AIRFLOW_CTX_DAG_OWNER='***' AIRFLOW_CTX_DAG_ID='spotify_minio_to_duckdb_pipeline' AIRFLOW_CTX_TASK_ID='dbt_run_transformations' AIRFLOW_CTX_EXECUTION_DATE='2026-07-01T19:00:00+00:00' AIRFLOW_CTX_TRY_NUMBER='1' AIRFLOW_CTX_DAG_RUN_ID='scheduled__2026-07-01T19:00:00+00:00'
[2026-07-01T21:00:31.540+0000] {taskinstance.py:430} INFO - ::endgroup::
[2026-07-01T21:00:31.867+0000] {subprocess.py:63} INFO - Tmp dir root location: /tmp
[2026-07-01T21:00:31.889+0000] {subprocess.py:75} INFO - Running command: ['/usr/bin/bash', '-c', 'pip install dbt-duckdb --quiet && cd /opt/***/dbt_transformation && dbt run --profiles-dir .']
[2026-07-01T21:00:32.000+0000] {subprocess.py:86} INFO - Output:
[2026-07-01T21:00:59.008+0000] {subprocess.py:93} INFO - 
[2026-07-01T21:00:59.019+0000] {subprocess.py:93} INFO - [notice] A new release of pip is available: 24.2 -> 26.1.2
[2026-07-01T21:00:59.024+0000] {subprocess.py:93} INFO - [notice] To update, run: pip install --upgrade pip
[2026-07-01T21:01:23.781+0000] {subprocess.py:93} INFO - [0m21:01:23  Running with dbt=1.11.12
[2026-07-01T21:01:28.064+0000] {subprocess.py:93} INFO - [0m21:01:28  Registered adapter: duckdb=1.10.1
[2026-07-01T21:01:32.650+0000] {subprocess.py:93} INFO - [0m21:01:32  [[33mWARNING[0m]: Configuration paths exist in your dbt_project.yml file which do not apply to any resources.
[2026-07-01T21:01:32.658+0000] {subprocess.py:93} INFO - There are 1 unused configuration paths:
[2026-07-01T21:01:32.660+0000] {subprocess.py:93} INFO - - models.dbt_transformation.example
[2026-07-01T21:01:36.211+0000] {subprocess.py:93} INFO - [0m21:01:36  Found 3 models, 1 source, 485 macros
[2026-07-01T21:01:36.304+0000] {subprocess.py:93} INFO - [0m21:01:36
[2026-07-01T21:01:36.331+0000] {subprocess.py:93} INFO - [0m21:01:36  Concurrency: 1 threads (target='dev')
[2026-07-01T21:01:36.404+0000] {subprocess.py:93} INFO - [0m21:01:36
[2026-07-01T21:01:41.438+0000] {subprocess.py:93} INFO - [0m21:01:41  1 of 3 START sql table model main_silver.stg_tracks ............................ [RUN]
[2026-07-01T21:01:55.521+0000] {subprocess.py:93} INFO - [0m21:01:55  1 of 3 OK created sql table model main_silver.stg_tracks ....................... [[32mOK[0m in 14.04s]
[2026-07-01T21:01:55.568+0000] {subprocess.py:93} INFO - [0m21:01:55  2 of 3 START sql table model main_gold.fact_top_tracks ......................... [RUN]
[2026-07-01T21:01:57.412+0000] {subprocess.py:93} INFO - [0m21:01:57  2 of 3 OK created sql table model main_gold.fact_top_tracks .................... [[32mOK[0m in 1.80s]
[2026-07-01T21:01:57.526+0000] {subprocess.py:93} INFO - [0m21:01:57  3 of 3 START sql table model main_gold.fact_user_engagement .................... [RUN]
[2026-07-01T21:01:58.782+0000] {subprocess.py:93} INFO - [0m21:01:58  3 of 3 OK created sql table model main_gold.fact_user_engagement ............... [[32mOK[0m in 1.22s]
[2026-07-01T21:01:59.066+0000] {subprocess.py:93} INFO - [0m21:01:59
[2026-07-01T21:01:59.081+0000] {subprocess.py:93} INFO - [0m21:01:59  Finished running 3 table models in 0 hours 0 minutes and 22.57 seconds (22.57s).
[2026-07-01T21:02:00.259+0000] {subprocess.py:93} INFO - [0m21:02:00
[2026-07-01T21:02:00.268+0000] {subprocess.py:93} INFO - [0m21:02:00  [32mCompleted successfully[0m
[2026-07-01T21:02:00.273+0000] {subprocess.py:93} INFO - [0m21:02:00
[2026-07-01T21:02:00.285+0000] {subprocess.py:93} INFO - [0m21:02:00  Done. PASS=3 WARN=0 ERROR=0 SKIP=0 NO-OP=0 TOTAL=3
[2026-07-01T21:02:04.369+0000] {subprocess.py:97} INFO - Command exited with return code 0
[2026-07-01T21:02:04.438+0000] {taskinstance.py:441} INFO - ::group::Post task execution logs
[2026-07-01T21:02:08.189+0000] {taskinstance.py:1206} INFO - Marking task as SUCCESS. dag_id=spotify_minio_to_duckdb_pipeline, task_id=dbt_run_transformations, run_id=scheduled__2026-07-01T19:00:00+00:00, execution_date=20260701T190000, start_date=20260701T210027, end_date=20260701T210208
[2026-07-01T21:02:08.348+0000] {local_task_job_runner.py:243} INFO - Task exited with return code 0
[2026-07-01T21:02:08.553+0000] {taskinstance.py:3503} INFO - 0 downstream tasks scheduled from follow-on schedule check
[2026-07-01T21:02:08.563+0000] {local_task_job_runner.py:222} INFO - ::endgroup::
