[2026-07-01T16:59:25.370+0000] {local_task_job_runner.py:120} INFO - ::group::Pre task execution logs
[2026-07-01T16:59:25.425+0000] {taskinstance.py:2076} INFO - Dependencies all met for dep_context=non-requeueable deps ti=<TaskInstance: spotify_minio_to_duckdb_pipeline.dbt_run_transformations manual__2026-07-01T15:39:55.476113+00:00 [queued]>
[2026-07-01T16:59:25.438+0000] {taskinstance.py:2076} INFO - Dependencies all met for dep_context=requeueable deps ti=<TaskInstance: spotify_minio_to_duckdb_pipeline.dbt_run_transformations manual__2026-07-01T15:39:55.476113+00:00 [queued]>
[2026-07-01T16:59:25.442+0000] {taskinstance.py:2306} INFO - Starting attempt 2 of 2
[2026-07-01T16:59:25.462+0000] {taskinstance.py:2330} INFO - Executing <Task(BashOperator): dbt_run_transformations> on 2026-07-01 15:39:55.476113+00:00
[2026-07-01T16:59:25.469+0000] {standard_task_runner.py:64} INFO - Started process 176 to run task
[2026-07-01T16:59:25.472+0000] {standard_task_runner.py:90} INFO - Running: ['***', 'tasks', 'run', 'spotify_minio_to_duckdb_pipeline', 'dbt_run_transformations', 'manual__2026-07-01T15:39:55.476113+00:00', '--job-id', '33', '--raw', '--subdir', 'DAGS_FOLDER/minio-to-kafka.py', '--cfg-path', '/tmp/tmp0j7w5kj4']
[2026-07-01T16:59:25.478+0000] {standard_task_runner.py:91} INFO - Job 33: Subtask dbt_run_transformations
[2026-07-01T16:59:25.587+0000] {task_command.py:426} INFO - Running <TaskInstance: spotify_minio_to_duckdb_pipeline.dbt_run_transformations manual__2026-07-01T15:39:55.476113+00:00 [running]> on host 0e8ad39bfb13
[2026-07-01T16:59:25.701+0000] {taskinstance.py:2648} INFO - Exporting env vars: AIRFLOW_CTX_DAG_OWNER='***' AIRFLOW_CTX_DAG_ID='spotify_minio_to_duckdb_pipeline' AIRFLOW_CTX_TASK_ID='dbt_run_transformations' AIRFLOW_CTX_EXECUTION_DATE='2026-07-01T15:39:55.476113+00:00' AIRFLOW_CTX_TRY_NUMBER='2' AIRFLOW_CTX_DAG_RUN_ID='manual__2026-07-01T15:39:55.476113+00:00'
[2026-07-01T16:59:25.702+0000] {taskinstance.py:430} INFO - ::endgroup::
[2026-07-01T16:59:25.723+0000] {subprocess.py:63} INFO - Tmp dir root location: /tmp
[2026-07-01T16:59:25.726+0000] {subprocess.py:75} INFO - Running command: ['/usr/bin/bash', '-c', 'pip install dbt-duckdb --quiet && cd /opt/***/dbt_transformation && dbt run --profiles-dir .']
[2026-07-01T16:59:25.736+0000] {subprocess.py:86} INFO - Output:
[2026-07-01T16:59:27.960+0000] {subprocess.py:93} INFO - 
[2026-07-01T16:59:27.961+0000] {subprocess.py:93} INFO - [notice] A new release of pip is available: 24.2 -> 26.1.2
[2026-07-01T16:59:27.962+0000] {subprocess.py:93} INFO - [notice] To update, run: pip install --upgrade pip
[2026-07-01T16:59:31.446+0000] {subprocess.py:93} INFO - [0m16:59:31  Running with dbt=1.11.12
[2026-07-01T16:59:31.460+0000] {subprocess.py:93} INFO - [0m16:59:31  Encountered an error:
[2026-07-01T16:59:31.461+0000] {subprocess.py:93} INFO - Runtime Error
[2026-07-01T16:59:31.462+0000] {subprocess.py:93} INFO -   Could not find profile named 'dbt_transformation'
[2026-07-01T16:59:34.114+0000] {subprocess.py:97} INFO - Command exited with return code 2
[2026-07-01T16:59:34.116+0000] {taskinstance.py:441} INFO - ::group::Post task execution logs
[2026-07-01T16:59:34.135+0000] {taskinstance.py:2905} ERROR - Task failed with exception
Traceback (most recent call last):
  File "/home/airflow/.local/lib/python3.12/site-packages/airflow/models/taskinstance.py", line 465, in _execute_task
    result = _execute_callable(context=context, **execute_callable_kwargs)
             ^^^^^^^^^^^^^^^^^^^^^^^^^^^^^^^^^^^^^^^^^^^^^^^^^^^^^^^^^^^^^
  File "/home/airflow/.local/lib/python3.12/site-packages/airflow/models/taskinstance.py", line 432, in _execute_callable
    return execute_callable(context=context, **execute_callable_kwargs)
           ^^^^^^^^^^^^^^^^^^^^^^^^^^^^^^^^^^^^^^^^^^^^^^^^^^^^^^^^^^^^
  File "/home/airflow/.local/lib/python3.12/site-packages/airflow/models/baseoperator.py", line 401, in wrapper
    return func(self, *args, **kwargs)
           ^^^^^^^^^^^^^^^^^^^^^^^^^^^
  File "/home/airflow/.local/lib/python3.12/site-packages/airflow/operators/bash.py", line 243, in execute
    raise AirflowException(
airflow.exceptions.AirflowException: Bash command failed. The command returned a non-zero exit code 2.
[2026-07-01T16:59:34.141+0000] {taskinstance.py:1206} INFO - Marking task as FAILED. dag_id=spotify_minio_to_duckdb_pipeline, task_id=dbt_run_transformations, run_id=manual__2026-07-01T15:39:55.476113+00:00, execution_date=20260701T153955, start_date=20260701T165925, end_date=20260701T165934
[2026-07-01T16:59:34.375+0000] {standard_task_runner.py:110} ERROR - Failed to execute job 33 for task dbt_run_transformations (Bash command failed. The command returned a non-zero exit code 2.; 176)
[2026-07-01T16:59:34.400+0000] {local_task_job_runner.py:243} INFO - Task exited with return code 1
[2026-07-01T16:59:34.422+0000] {taskinstance.py:3503} INFO - 0 downstream tasks scheduled from follow-on schedule check
[2026-07-01T16:59:34.425+0000] {local_task_job_runner.py:222} INFO - ::endgroup::
