[2026-07-01T18:00:09.415+0000] {local_task_job_runner.py:120} INFO - ::group::Pre task execution logs
[2026-07-01T18:00:09.504+0000] {taskinstance.py:2076} INFO - Dependencies all met for dep_context=non-requeueable deps ti=<TaskInstance: spotify_minio_to_duckdb_pipeline.dbt_run_transformations scheduled__2026-07-01T17:00:00+00:00 [queued]>
[2026-07-01T18:00:09.526+0000] {taskinstance.py:2076} INFO - Dependencies all met for dep_context=requeueable deps ti=<TaskInstance: spotify_minio_to_duckdb_pipeline.dbt_run_transformations scheduled__2026-07-01T17:00:00+00:00 [queued]>
[2026-07-01T18:00:09.528+0000] {taskinstance.py:2306} INFO - Starting attempt 1 of 2
[2026-07-01T18:00:09.562+0000] {taskinstance.py:2330} INFO - Executing <Task(BashOperator): dbt_run_transformations> on 2026-07-01 17:00:00+00:00
[2026-07-01T18:00:09.579+0000] {standard_task_runner.py:64} INFO - Started process 1002 to run task
[2026-07-01T18:00:09.589+0000] {standard_task_runner.py:90} INFO - Running: ['***', 'tasks', 'run', 'spotify_minio_to_duckdb_pipeline', 'dbt_run_transformations', 'scheduled__2026-07-01T17:00:00+00:00', '--job-id', '40', '--raw', '--subdir', 'DAGS_FOLDER/minio-to-kafka.py', '--cfg-path', '/tmp/tmpl42477xj']
[2026-07-01T18:00:09.595+0000] {standard_task_runner.py:91} INFO - Job 40: Subtask dbt_run_transformations
[2026-07-01T18:00:09.898+0000] {task_command.py:426} INFO - Running <TaskInstance: spotify_minio_to_duckdb_pipeline.dbt_run_transformations scheduled__2026-07-01T17:00:00+00:00 [running]> on host 0e8ad39bfb13
[2026-07-01T18:00:10.595+0000] {taskinstance.py:2648} INFO - Exporting env vars: AIRFLOW_CTX_DAG_OWNER='***' AIRFLOW_CTX_DAG_ID='spotify_minio_to_duckdb_pipeline' AIRFLOW_CTX_TASK_ID='dbt_run_transformations' AIRFLOW_CTX_EXECUTION_DATE='2026-07-01T17:00:00+00:00' AIRFLOW_CTX_TRY_NUMBER='1' AIRFLOW_CTX_DAG_RUN_ID='scheduled__2026-07-01T17:00:00+00:00'
[2026-07-01T18:00:10.597+0000] {taskinstance.py:430} INFO - ::endgroup::
[2026-07-01T18:00:10.689+0000] {subprocess.py:63} INFO - Tmp dir root location: /tmp
[2026-07-01T18:00:10.697+0000] {subprocess.py:75} INFO - Running command: ['/usr/bin/bash', '-c', 'pip install dbt-duckdb --quiet && cd /opt/***/dbt_transformation && dbt run --profiles-dir .']
[2026-07-01T18:00:10.731+0000] {subprocess.py:86} INFO - Output:
[2026-07-01T18:00:15.719+0000] {subprocess.py:93} INFO - 
[2026-07-01T18:00:15.720+0000] {subprocess.py:93} INFO - [notice] A new release of pip is available: 24.2 -> 26.1.2
[2026-07-01T18:00:15.721+0000] {subprocess.py:93} INFO - [notice] To update, run: pip install --upgrade pip
[2026-07-01T18:00:22.251+0000] {subprocess.py:93} INFO - [0m18:00:22  Running with dbt=1.11.12
[2026-07-01T18:00:23.531+0000] {subprocess.py:93} INFO - [0m18:00:23  Registered adapter: duckdb=1.10.1
[2026-07-01T18:00:24.583+0000] {subprocess.py:93} INFO - [0m18:00:24  [[33mWARNING[0m]: Configuration paths exist in your dbt_project.yml file which do not apply to any resources.
[2026-07-01T18:00:24.584+0000] {subprocess.py:93} INFO - There are 1 unused configuration paths:
[2026-07-01T18:00:24.585+0000] {subprocess.py:93} INFO - - models.dbt_transformation.example
[2026-07-01T18:00:25.032+0000] {subprocess.py:93} INFO - [0m18:00:25  Found 2 models, 1 source, 485 macros
[2026-07-01T18:00:25.045+0000] {subprocess.py:93} INFO - [0m18:00:25
[2026-07-01T18:00:25.047+0000] {subprocess.py:93} INFO - [0m18:00:25  Concurrency: 1 threads (target='dev')
[2026-07-01T18:00:25.050+0000] {subprocess.py:93} INFO - [0m18:00:25
[2026-07-01T18:00:25.946+0000] {subprocess.py:93} INFO - [0m18:00:25  1 of 2 START sql table model main_silver.stg_tracks ............................ [RUN]
[2026-07-01T18:00:30.209+0000] {subprocess.py:93} INFO - [0m18:00:30  1 of 2 OK created sql table model main_silver.stg_tracks ....................... [[32mOK[0m in 4.26s]
[2026-07-01T18:00:30.219+0000] {subprocess.py:93} INFO - [0m18:00:30  2 of 2 START sql table model main_gold.fact_top_tracks ......................... [RUN]
[2026-07-01T18:00:30.476+0000] {subprocess.py:93} INFO - [0m18:00:30  2 of 2 OK created sql table model main_gold.fact_top_tracks .................... [[32mOK[0m in 0.24s]
[2026-07-01T18:00:30.524+0000] {subprocess.py:93} INFO - [0m18:00:30
[2026-07-01T18:00:30.527+0000] {subprocess.py:93} INFO - [0m18:00:30  Finished running 2 table models in 0 hours 0 minutes and 5.47 seconds (5.47s).
[2026-07-01T18:00:30.669+0000] {subprocess.py:93} INFO - [0m18:00:30
[2026-07-01T18:00:30.674+0000] {subprocess.py:93} INFO - [0m18:00:30  [32mCompleted successfully[0m
[2026-07-01T18:00:30.676+0000] {subprocess.py:93} INFO - [0m18:00:30
[2026-07-01T18:00:30.679+0000] {subprocess.py:93} INFO - [0m18:00:30  Done. PASS=2 WARN=0 ERROR=0 SKIP=0 NO-OP=0 TOTAL=2
[2026-07-01T18:00:32.886+0000] {subprocess.py:97} INFO - Command exited with return code 0
[2026-07-01T18:00:32.890+0000] {taskinstance.py:441} INFO - ::group::Post task execution logs
[2026-07-01T18:00:33.309+0000] {taskinstance.py:1206} INFO - Marking task as SUCCESS. dag_id=spotify_minio_to_duckdb_pipeline, task_id=dbt_run_transformations, run_id=scheduled__2026-07-01T17:00:00+00:00, execution_date=20260701T170000, start_date=20260701T180009, end_date=20260701T180033
[2026-07-01T18:00:33.413+0000] {local_task_job_runner.py:243} INFO - Task exited with return code 0
[2026-07-01T18:00:33.465+0000] {taskinstance.py:3503} INFO - 0 downstream tasks scheduled from follow-on schedule check
[2026-07-01T18:00:33.484+0000] {local_task_job_runner.py:222} INFO - ::endgroup::
