[2026-07-01T17:04:09.089+0000] {local_task_job_runner.py:120} INFO - ::group::Pre task execution logs
[2026-07-01T17:04:09.230+0000] {taskinstance.py:2076} INFO - Dependencies all met for dep_context=non-requeueable deps ti=<TaskInstance: spotify_minio_to_duckdb_pipeline.dbt_run_transformations scheduled__2026-07-01T15:00:00+00:00 [queued]>
[2026-07-01T17:04:09.260+0000] {taskinstance.py:2076} INFO - Dependencies all met for dep_context=requeueable deps ti=<TaskInstance: spotify_minio_to_duckdb_pipeline.dbt_run_transformations scheduled__2026-07-01T15:00:00+00:00 [queued]>
[2026-07-01T17:04:09.263+0000] {taskinstance.py:2306} INFO - Starting attempt 2 of 2
[2026-07-01T17:04:09.295+0000] {taskinstance.py:2330} INFO - Executing <Task(BashOperator): dbt_run_transformations> on 2026-07-01 15:00:00+00:00
[2026-07-01T17:04:09.304+0000] {standard_task_runner.py:64} INFO - Started process 269 to run task
[2026-07-01T17:04:09.309+0000] {standard_task_runner.py:90} INFO - Running: ['***', 'tasks', 'run', 'spotify_minio_to_duckdb_pipeline', 'dbt_run_transformations', 'scheduled__2026-07-01T15:00:00+00:00', '--job-id', '36', '--raw', '--subdir', 'DAGS_FOLDER/minio-to-kafka.py', '--cfg-path', '/tmp/tmp3dyu6eh3']
[2026-07-01T17:04:09.313+0000] {standard_task_runner.py:91} INFO - Job 36: Subtask dbt_run_transformations
[2026-07-01T17:04:09.457+0000] {task_command.py:426} INFO - Running <TaskInstance: spotify_minio_to_duckdb_pipeline.dbt_run_transformations scheduled__2026-07-01T15:00:00+00:00 [running]> on host 0e8ad39bfb13
[2026-07-01T17:04:09.683+0000] {taskinstance.py:2648} INFO - Exporting env vars: AIRFLOW_CTX_DAG_OWNER='***' AIRFLOW_CTX_DAG_ID='spotify_minio_to_duckdb_pipeline' AIRFLOW_CTX_TASK_ID='dbt_run_transformations' AIRFLOW_CTX_EXECUTION_DATE='2026-07-01T15:00:00+00:00' AIRFLOW_CTX_TRY_NUMBER='2' AIRFLOW_CTX_DAG_RUN_ID='scheduled__2026-07-01T15:00:00+00:00'
[2026-07-01T17:04:09.685+0000] {taskinstance.py:430} INFO - ::endgroup::
[2026-07-01T17:04:09.718+0000] {subprocess.py:63} INFO - Tmp dir root location: /tmp
[2026-07-01T17:04:09.720+0000] {subprocess.py:75} INFO - Running command: ['/usr/bin/bash', '-c', 'pip install dbt-duckdb --quiet && cd /opt/***/dbt_transformation && dbt run --profiles-dir .']
[2026-07-01T17:04:09.736+0000] {subprocess.py:86} INFO - Output:
[2026-07-01T17:04:15.992+0000] {subprocess.py:93} INFO - 
[2026-07-01T17:04:15.993+0000] {subprocess.py:93} INFO - [notice] A new release of pip is available: 24.2 -> 26.1.2
[2026-07-01T17:04:15.994+0000] {subprocess.py:93} INFO - [notice] To update, run: pip install --upgrade pip
[2026-07-01T17:04:27.963+0000] {subprocess.py:93} INFO - [0m17:04:27  Running with dbt=1.11.12
[2026-07-01T17:04:32.850+0000] {subprocess.py:93} INFO - [0m17:04:32  Registered adapter: duckdb=1.10.1
[2026-07-01T17:04:34.138+0000] {subprocess.py:93} INFO - [0m17:04:34  Unable to do partial parsing because saved manifest not found. Starting full parse.
[2026-07-01T17:04:46.517+0000] {subprocess.py:93} INFO - [0m17:04:46  [[33mWARNING[0m]: Configuration paths exist in your dbt_project.yml file which do not apply to any resources.
[2026-07-01T17:04:46.519+0000] {subprocess.py:93} INFO - There are 1 unused configuration paths:
[2026-07-01T17:04:46.520+0000] {subprocess.py:93} INFO - - models.dbt_transformation.example
[2026-07-01T17:04:47.236+0000] {subprocess.py:93} INFO - [0m17:04:47  Found 2 models, 1 source, 485 macros
[2026-07-01T17:04:47.248+0000] {subprocess.py:93} INFO - [0m17:04:47
[2026-07-01T17:04:47.252+0000] {subprocess.py:93} INFO - [0m17:04:47  Concurrency: 1 threads (target='dev')
[2026-07-01T17:04:47.255+0000] {subprocess.py:93} INFO - [0m17:04:47
[2026-07-01T17:04:58.448+0000] {subprocess.py:93} INFO - [0m17:04:58  1 of 2 START sql table model main_silver.stg_tracks ............................ [RUN]
[2026-07-01T17:04:58.867+0000] {subprocess.py:93} INFO - [0m17:04:58  1 of 2 ERROR creating sql table model main_silver.stg_tracks ................... [[31mERROR[0m in 0.41s]
[2026-07-01T17:04:58.877+0000] {subprocess.py:93} INFO - [0m17:04:58  2 of 2 SKIP relation main_gold.fact_top_tracks ................................. [[33mSKIP[0m]
[2026-07-01T17:04:58.911+0000] {subprocess.py:93} INFO - [0m17:04:58
[2026-07-01T17:04:58.913+0000] {subprocess.py:93} INFO - [0m17:04:58  Finished running 2 table models in 0 hours 0 minutes and 11.65 seconds (11.65s).
[2026-07-01T17:04:59.090+0000] {subprocess.py:93} INFO - [0m17:04:59
[2026-07-01T17:04:59.094+0000] {subprocess.py:93} INFO - [0m17:04:59  [31mCompleted with 1 error, 0 partial successes, and 0 warnings:[0m
[2026-07-01T17:04:59.097+0000] {subprocess.py:93} INFO - [0m17:04:59
[2026-07-01T17:04:59.101+0000] {subprocess.py:93} INFO - [0m17:04:59  [31mFailure in model stg_tracks (models/silver/stg_tracks.sql)[0m
[2026-07-01T17:04:59.104+0000] {subprocess.py:93} INFO - [0m17:04:59    Runtime Error in model stg_tracks (models/silver/stg_tracks.sql)
[2026-07-01T17:04:59.105+0000] {subprocess.py:93} INFO -   IO Error: No files found that match the pattern "s3://spotify/*.json"
[2026-07-01T17:04:59.106+0000] {subprocess.py:93} INFO - [0m17:04:59
[2026-07-01T17:04:59.108+0000] {subprocess.py:93} INFO - [0m17:04:59    compiled code at target/compiled/dbt_transformation/models/silver/stg_tracks.sql
[2026-07-01T17:04:59.112+0000] {subprocess.py:93} INFO - [0m17:04:59
[2026-07-01T17:04:59.125+0000] {subprocess.py:93} INFO - [0m17:04:59  Done. PASS=0 WARN=0 ERROR=1 SKIP=1 NO-OP=0 TOTAL=2
[2026-07-01T17:05:01.783+0000] {subprocess.py:97} INFO - Command exited with return code 1
[2026-07-01T17:05:01.789+0000] {taskinstance.py:441} INFO - ::group::Post task execution logs
[2026-07-01T17:05:01.856+0000] {taskinstance.py:2905} ERROR - Task failed with exception
Traceback (most recent call last):
  File "/home/airflow/.local/lib/python3.12/site-packages/airflow/models/taskinstance.py", line 465, in _execute_task
    result = _execute_callable(context=context, **execute_callable_kwargs)
             ^^^^^^^^^^^^^^^^^^^^^^^^^^^^^^^^^^^^^^^^^^^^^^^^^^^^^^^^^^^^^
  File "/home/airflow/.local/lib/python3.12/site-packages/airflow/models/taskinstance.py", line 432, in _execute_callable
    return execute_callable(context=context, **execute_callable_kwargs)
           ^^^^^^^^^^^^^^^^^^^^^^^^^^^^^^^^^^^^^^^^^^^^^^^^^^^^^^^^^^^^
  File "/home/airflow/.local/lib/python3.12/site-packages/airflow/models/baseoperator.py", line 401, in wrapper
    return func(self, *args, **kwargs)
           ^^^^^^^^^^^^^^^^^^^^^^^^^^^
  File "/home/airflow/.local/lib/python3.12/site-packages/airflow/operators/bash.py", line 243, in execute
    raise AirflowException(
airflow.exceptions.AirflowException: Bash command failed. The command returned a non-zero exit code 1.
[2026-07-01T17:05:01.890+0000] {taskinstance.py:1206} INFO - Marking task as FAILED. dag_id=spotify_minio_to_duckdb_pipeline, task_id=dbt_run_transformations, run_id=scheduled__2026-07-01T15:00:00+00:00, execution_date=20260701T150000, start_date=20260701T170409, end_date=20260701T170501
[2026-07-01T17:05:03.025+0000] {standard_task_runner.py:110} ERROR - Failed to execute job 36 for task dbt_run_transformations (Bash command failed. The command returned a non-zero exit code 1.; 269)
[2026-07-01T17:05:03.089+0000] {local_task_job_runner.py:243} INFO - Task exited with return code 1
[2026-07-01T17:05:03.199+0000] {taskinstance.py:3503} INFO - 0 downstream tasks scheduled from follow-on schedule check
[2026-07-01T17:05:03.206+0000] {local_task_job_runner.py:222} INFO - ::endgroup::
