[2026-06-30T16:43:25.388+0000] {local_task_job_runner.py:120} INFO - ::group::Pre task execution logs
[2026-06-30T16:43:25.444+0000] {taskinstance.py:2076} INFO - Dependencies all met for dep_context=non-requeueable deps ti=<TaskInstance: spotify_minio_to_snowflake_bronze.extract_data manual__2026-06-30T16:37:45.647807+00:00 [queued]>
[2026-06-30T16:43:25.457+0000] {taskinstance.py:2076} INFO - Dependencies all met for dep_context=requeueable deps ti=<TaskInstance: spotify_minio_to_snowflake_bronze.extract_data manual__2026-06-30T16:37:45.647807+00:00 [queued]>
[2026-06-30T16:43:25.468+0000] {taskinstance.py:2306} INFO - Starting attempt 2 of 2
[2026-06-30T16:43:25.486+0000] {taskinstance.py:2330} INFO - Executing <Task(PythonOperator): extract_data> on 2026-06-30 16:37:45.647807+00:00
[2026-06-30T16:43:25.503+0000] {standard_task_runner.py:90} INFO - Running: ['***', 'tasks', 'run', 'spotify_minio_to_snowflake_bronze', 'extract_data', 'manual__2026-06-30T16:37:45.647807+00:00', '--job-id', '7', '--raw', '--subdir', 'DAGS_FOLDER/minio-to-kafka.py', '--cfg-path', '/tmp/tmp3hzk6i3_']
[2026-06-30T16:43:25.510+0000] {standard_task_runner.py:91} INFO - Job 7: Subtask extract_data
[2026-06-30T16:43:25.511+0000] {logging_mixin.py:188} WARNING - /home/***/.local/lib/python3.12/site-packages/***/task/task_runner/standard_task_runner.py:62 DeprecationWarning: This process (pid=131) is multi-threaded, use of fork() may lead to deadlocks in the child.
[2026-06-30T16:43:25.513+0000] {standard_task_runner.py:64} INFO - Started process 144 to run task
[2026-06-30T16:43:25.636+0000] {task_command.py:426} INFO - Running <TaskInstance: spotify_minio_to_snowflake_bronze.extract_data manual__2026-06-30T16:37:45.647807+00:00 [running]> on host afdb9c31d045
[2026-06-30T16:43:25.793+0000] {taskinstance.py:2648} INFO - Exporting env vars: AIRFLOW_CTX_DAG_OWNER='***' AIRFLOW_CTX_DAG_ID='spotify_minio_to_snowflake_bronze' AIRFLOW_CTX_TASK_ID='extract_data' AIRFLOW_CTX_EXECUTION_DATE='2026-06-30T16:37:45.647807+00:00' AIRFLOW_CTX_TRY_NUMBER='2' AIRFLOW_CTX_DAG_RUN_ID='manual__2026-06-30T16:37:45.647807+00:00'
[2026-06-30T16:43:25.796+0000] {taskinstance.py:430} INFO - ::endgroup::
[2026-06-30T16:43:26.220+0000] {taskinstance.py:441} INFO - ::group::Post task execution logs
[2026-06-30T16:43:26.221+0000] {taskinstance.py:2905} ERROR - Task failed with exception
Traceback (most recent call last):
  File "/home/airflow/.local/lib/python3.12/site-packages/airflow/models/taskinstance.py", line 465, in _execute_task
    result = _execute_callable(context=context, **execute_callable_kwargs)
             ^^^^^^^^^^^^^^^^^^^^^^^^^^^^^^^^^^^^^^^^^^^^^^^^^^^^^^^^^^^^^
  File "/home/airflow/.local/lib/python3.12/site-packages/airflow/models/taskinstance.py", line 432, in _execute_callable
    return execute_callable(context=context, **execute_callable_kwargs)
           ^^^^^^^^^^^^^^^^^^^^^^^^^^^^^^^^^^^^^^^^^^^^^^^^^^^^^^^^^^^^
  File "/home/airflow/.local/lib/python3.12/site-packages/airflow/models/baseoperator.py", line 401, in wrapper
    return func(self, *args, **kwargs)
           ^^^^^^^^^^^^^^^^^^^^^^^^^^^
  File "/home/airflow/.local/lib/python3.12/site-packages/airflow/operators/python.py", line 235, in execute
    return_value = self.execute_callable()
                   ^^^^^^^^^^^^^^^^^^^^^^^
  File "/home/airflow/.local/lib/python3.12/site-packages/airflow/operators/python.py", line 252, in execute_callable
    return self.python_callable(*self.op_args, **self.op_kwargs)
           ^^^^^^^^^^^^^^^^^^^^^^^^^^^^^^^^^^^^^^^^^^^^^^^^^^^^^
  File "/opt/airflow/dags/minio-to-kafka.py", line 53, in extract_from_minio
    response = s3.list_objects_v2(Bucket=MINIO_BUCKET, Prefix=MINIO_PREFIX)
               ^^^^^^^^^^^^^^^^^^^^^^^^^^^^^^^^^^^^^^^^^^^^^^^^^^^^^^^^^^^^
  File "/home/airflow/.local/lib/python3.12/site-packages/botocore/client.py", line 565, in _api_call
    return self._make_api_call(operation_name, kwargs)
           ^^^^^^^^^^^^^^^^^^^^^^^^^^^^^^^^^^^^^^^^^^^
  File "/home/airflow/.local/lib/python3.12/site-packages/botocore/client.py", line 1021, in _make_api_call
    raise error_class(parsed_response, operation_name)
botocore.exceptions.ClientError: An error occurred (InvalidAccessKeyId) when calling the ListObjectsV2 operation: The Access Key Id you provided does not exist in our records.
[2026-06-30T16:43:26.242+0000] {taskinstance.py:1206} INFO - Marking task as FAILED. dag_id=spotify_minio_to_snowflake_bronze, task_id=extract_data, run_id=manual__2026-06-30T16:37:45.647807+00:00, execution_date=20260630T163745, start_date=20260630T164325, end_date=20260630T164326
[2026-06-30T16:43:26.254+0000] {standard_task_runner.py:110} ERROR - Failed to execute job 7 for task extract_data (An error occurred (InvalidAccessKeyId) when calling the ListObjectsV2 operation: The Access Key Id you provided does not exist in our records.; 144)
[2026-06-30T16:43:26.294+0000] {local_task_job_runner.py:243} INFO - Task exited with return code 1
[2026-06-30T16:43:26.322+0000] {taskinstance.py:3503} INFO - 0 downstream tasks scheduled from follow-on schedule check
[2026-06-30T16:43:26.329+0000] {local_task_job_runner.py:222} INFO - ::endgroup::
