[2026-07-01T14:07:43.340+0000] {local_task_job_runner.py:120} INFO - ::group::Pre task execution logs
[2026-07-01T14:07:43.390+0000] {taskinstance.py:2076} INFO - Dependencies all met for dep_context=non-requeueable deps ti=<TaskInstance: spotify_minio_to_duckdb_pipeline.dbt_run_transformations scheduled__2026-07-01T13:00:00+00:00 [queued]>
[2026-07-01T14:07:43.400+0000] {taskinstance.py:2076} INFO - Dependencies all met for dep_context=requeueable deps ti=<TaskInstance: spotify_minio_to_duckdb_pipeline.dbt_run_transformations scheduled__2026-07-01T13:00:00+00:00 [queued]>
[2026-07-01T14:07:43.401+0000] {taskinstance.py:2306} INFO - Starting attempt 2 of 2
[2026-07-01T14:07:43.420+0000] {taskinstance.py:2330} INFO - Executing <Task(BashOperator): dbt_run_transformations> on 2026-07-01 13:00:00+00:00
[2026-07-01T14:07:43.430+0000] {standard_task_runner.py:64} INFO - Started process 54 to run task
[2026-07-01T14:07:43.433+0000] {standard_task_runner.py:90} INFO - Running: ['***', 'tasks', 'run', 'spotify_minio_to_duckdb_pipeline', 'dbt_run_transformations', 'scheduled__2026-07-01T13:00:00+00:00', '--job-id', '19', '--raw', '--subdir', 'DAGS_FOLDER/minio-to-kafka.py', '--cfg-path', '/tmp/tmpa9cu31m5']
[2026-07-01T14:07:43.437+0000] {standard_task_runner.py:91} INFO - Job 19: Subtask dbt_run_transformations
[2026-07-01T14:07:43.555+0000] {task_command.py:426} INFO - Running <TaskInstance: spotify_minio_to_duckdb_pipeline.dbt_run_transformations scheduled__2026-07-01T13:00:00+00:00 [running]> on host 0e8ad39bfb13
[2026-07-01T14:07:43.713+0000] {taskinstance.py:2648} INFO - Exporting env vars: AIRFLOW_CTX_DAG_OWNER='***' AIRFLOW_CTX_DAG_ID='spotify_minio_to_duckdb_pipeline' AIRFLOW_CTX_TASK_ID='dbt_run_transformations' AIRFLOW_CTX_EXECUTION_DATE='2026-07-01T13:00:00+00:00' AIRFLOW_CTX_TRY_NUMBER='2' AIRFLOW_CTX_DAG_RUN_ID='scheduled__2026-07-01T13:00:00+00:00'
[2026-07-01T14:07:43.715+0000] {taskinstance.py:430} INFO - ::endgroup::
[2026-07-01T14:07:43.809+0000] {subprocess.py:63} INFO - Tmp dir root location: /tmp
[2026-07-01T14:07:43.811+0000] {subprocess.py:75} INFO - Running command: ['/usr/bin/bash', '-c', 'pip install dbt-duckdb --quiet && cd /opt/***/dbt_transformation && dbt run']
[2026-07-01T14:07:43.825+0000] {subprocess.py:86} INFO - Output:
[2026-07-01T14:07:47.433+0000] {subprocess.py:93} INFO - 
[2026-07-01T14:07:47.435+0000] {subprocess.py:93} INFO - [notice] A new release of pip is available: 24.2 -> 26.1.2
[2026-07-01T14:07:47.437+0000] {subprocess.py:93} INFO - [notice] To update, run: pip install --upgrade pip
[2026-07-01T14:07:51.971+0000] {subprocess.py:93} INFO - Usage: dbt run [OPTIONS]
[2026-07-01T14:07:51.972+0000] {subprocess.py:93} INFO - Try 'dbt run --help' for help.
[2026-07-01T14:07:51.973+0000] {subprocess.py:93} INFO - 
[2026-07-01T14:07:51.974+0000] {subprocess.py:93} INFO - Error: Invalid value for '--profiles-dir': Path '/home/***/.dbt' does not exist.
[2026-07-01T14:07:52.273+0000] {subprocess.py:97} INFO - Command exited with return code 2
[2026-07-01T14:07:52.274+0000] {taskinstance.py:441} INFO - ::group::Post task execution logs
[2026-07-01T14:07:52.541+0000] {taskinstance.py:2905} ERROR - Task failed with exception
Traceback (most recent call last):
  File "/home/airflow/.local/lib/python3.12/site-packages/airflow/models/taskinstance.py", line 465, in _execute_task
    result = _execute_callable(context=context, **execute_callable_kwargs)
             ^^^^^^^^^^^^^^^^^^^^^^^^^^^^^^^^^^^^^^^^^^^^^^^^^^^^^^^^^^^^^
  File "/home/airflow/.local/lib/python3.12/site-packages/airflow/models/taskinstance.py", line 432, in _execute_callable
    return execute_callable(context=context, **execute_callable_kwargs)
           ^^^^^^^^^^^^^^^^^^^^^^^^^^^^^^^^^^^^^^^^^^^^^^^^^^^^^^^^^^^^
  File "/home/airflow/.local/lib/python3.12/site-packages/airflow/models/baseoperator.py", line 401, in wrapper
    return func(self, *args, **kwargs)
           ^^^^^^^^^^^^^^^^^^^^^^^^^^^
  File "/home/airflow/.local/lib/python3.12/site-packages/airflow/operators/bash.py", line 243, in execute
    raise AirflowException(
airflow.exceptions.AirflowException: Bash command failed. The command returned a non-zero exit code 2.
[2026-07-01T14:07:52.547+0000] {taskinstance.py:1206} INFO - Marking task as FAILED. dag_id=spotify_minio_to_duckdb_pipeline, task_id=dbt_run_transformations, run_id=scheduled__2026-07-01T13:00:00+00:00, execution_date=20260701T130000, start_date=20260701T140743, end_date=20260701T140752
[2026-07-01T14:07:52.574+0000] {standard_task_runner.py:110} ERROR - Failed to execute job 19 for task dbt_run_transformations (Bash command failed. The command returned a non-zero exit code 2.; 54)
[2026-07-01T14:07:52.596+0000] {local_task_job_runner.py:243} INFO - Task exited with return code 1
[2026-07-01T14:07:52.626+0000] {taskinstance.py:3503} INFO - 0 downstream tasks scheduled from follow-on schedule check
[2026-07-01T14:07:52.629+0000] {local_task_job_runner.py:222} INFO - ::endgroup::
