[2026-07-01T21:02:36.781+0000] {local_task_job_runner.py:120} INFO - ::group::Pre task execution logs
[2026-07-01T21:02:36.908+0000] {taskinstance.py:2076} INFO - Dependencies all met for dep_context=non-requeueable deps ti=<TaskInstance: spotify_minio_to_duckdb_pipeline.dbt_run_transformations scheduled__2026-07-01T20:00:00+00:00 [queued]>
[2026-07-01T21:02:36.947+0000] {taskinstance.py:2076} INFO - Dependencies all met for dep_context=requeueable deps ti=<TaskInstance: spotify_minio_to_duckdb_pipeline.dbt_run_transformations scheduled__2026-07-01T20:00:00+00:00 [queued]>
[2026-07-01T21:02:36.949+0000] {taskinstance.py:2306} INFO - Starting attempt 1 of 2
[2026-07-01T21:02:37.007+0000] {taskinstance.py:2330} INFO - Executing <Task(BashOperator): dbt_run_transformations> on 2026-07-01 20:00:00+00:00
[2026-07-01T21:02:37.022+0000] {standard_task_runner.py:64} INFO - Started process 6129 to run task
[2026-07-01T21:02:37.032+0000] {standard_task_runner.py:90} INFO - Running: ['***', 'tasks', 'run', 'spotify_minio_to_duckdb_pipeline', 'dbt_run_transformations', 'scheduled__2026-07-01T20:00:00+00:00', '--job-id', '46', '--raw', '--subdir', 'DAGS_FOLDER/minio-to-kafka.py', '--cfg-path', '/tmp/tmp_v6y7in4']
[2026-07-01T21:02:37.042+0000] {standard_task_runner.py:91} INFO - Job 46: Subtask dbt_run_transformations
[2026-07-01T21:02:37.266+0000] {task_command.py:426} INFO - Running <TaskInstance: spotify_minio_to_duckdb_pipeline.dbt_run_transformations scheduled__2026-07-01T20:00:00+00:00 [running]> on host 0e8ad39bfb13
[2026-07-01T21:02:37.837+0000] {taskinstance.py:2648} INFO - Exporting env vars: AIRFLOW_CTX_DAG_OWNER='***' AIRFLOW_CTX_DAG_ID='spotify_minio_to_duckdb_pipeline' AIRFLOW_CTX_TASK_ID='dbt_run_transformations' AIRFLOW_CTX_EXECUTION_DATE='2026-07-01T20:00:00+00:00' AIRFLOW_CTX_TRY_NUMBER='1' AIRFLOW_CTX_DAG_RUN_ID='scheduled__2026-07-01T20:00:00+00:00'
[2026-07-01T21:02:37.843+0000] {taskinstance.py:430} INFO - ::endgroup::
[2026-07-01T21:02:37.975+0000] {subprocess.py:63} INFO - Tmp dir root location: /tmp
[2026-07-01T21:02:37.980+0000] {subprocess.py:75} INFO - Running command: ['/usr/bin/bash', '-c', 'pip install dbt-duckdb --quiet && cd /opt/***/dbt_transformation && dbt run --profiles-dir .']
[2026-07-01T21:02:38.022+0000] {subprocess.py:86} INFO - Output:
[2026-07-01T21:02:48.294+0000] {subprocess.py:93} INFO - 
[2026-07-01T21:02:48.297+0000] {subprocess.py:93} INFO - [notice] A new release of pip is available: 24.2 -> 26.1.2
[2026-07-01T21:02:48.299+0000] {subprocess.py:93} INFO - [notice] To update, run: pip install --upgrade pip
[2026-07-01T21:02:59.035+0000] {subprocess.py:93} INFO - [0m21:02:59  Running with dbt=1.11.12
[2026-07-01T21:03:00.585+0000] {subprocess.py:93} INFO - [0m21:03:00  Registered adapter: duckdb=1.10.1
[2026-07-01T21:03:03.570+0000] {subprocess.py:93} INFO - [0m21:03:03  [[33mWARNING[0m]: Configuration paths exist in your dbt_project.yml file which do not apply to any resources.
[2026-07-01T21:03:03.574+0000] {subprocess.py:93} INFO - There are 1 unused configuration paths:
[2026-07-01T21:03:03.576+0000] {subprocess.py:93} INFO - - models.dbt_transformation.example
[2026-07-01T21:03:06.641+0000] {subprocess.py:93} INFO - [0m21:03:06  Found 3 models, 1 source, 485 macros
[2026-07-01T21:03:06.674+0000] {subprocess.py:93} INFO - [0m21:03:06
[2026-07-01T21:03:06.682+0000] {subprocess.py:93} INFO - [0m21:03:06  Concurrency: 1 threads (target='dev')
[2026-07-01T21:03:06.687+0000] {subprocess.py:93} INFO - [0m21:03:06
[2026-07-01T21:03:09.759+0000] {subprocess.py:93} INFO - [0m21:03:09  1 of 3 START sql table model main_silver.stg_tracks ............................ [RUN]
[2026-07-01T21:03:21.694+0000] {local_task_job_runner.py:124} ERROR - Received SIGTERM. Terminating subprocesses
[2026-07-01T21:03:21.721+0000] {process_utils.py:132} INFO - Sending 15 to group 6129. PIDs of all processes in the group: [6130, 6157, 6129]
[2026-07-01T21:03:21.746+0000] {process_utils.py:87} INFO - Sending the signal 15 to group 6129
[2026-07-01T21:03:21.808+0000] {taskinstance.py:2611} ERROR - Received SIGTERM. Terminating subprocesses.
[2026-07-01T21:03:21.830+0000] {subprocess.py:104} INFO - Sending SIGTERM signal to process group
[2026-07-01T21:03:21.846+0000] {taskinstance.py:441} INFO - ::group::Post task execution logs
[2026-07-01T21:03:22.149+0000] {process_utils.py:80} INFO - Process psutil.Process(pid=6157, status='terminated', started='21:03:00') (6157) terminated with exit code None
