[2026-06-30T18:00:28.602+0000] {local_task_job_runner.py:120} INFO - ::group::Pre task execution logs
[2026-06-30T18:00:28.749+0000] {taskinstance.py:2076} INFO - Dependencies all met for dep_context=non-requeueable deps ti=<TaskInstance: spotify_minio_to_duckdb_pipeline.dbt_run_transformations scheduled__2026-06-30T17:00:00+00:00 [queued]>
[2026-06-30T18:00:28.775+0000] {taskinstance.py:2076} INFO - Dependencies all met for dep_context=requeueable deps ti=<TaskInstance: spotify_minio_to_duckdb_pipeline.dbt_run_transformations scheduled__2026-06-30T17:00:00+00:00 [queued]>
[2026-06-30T18:00:28.777+0000] {taskinstance.py:2306} INFO - Starting attempt 1 of 2
[2026-06-30T18:00:28.813+0000] {taskinstance.py:2330} INFO - Executing <Task(BashOperator): dbt_run_transformations> on 2026-06-30 17:00:00+00:00
[2026-06-30T18:00:28.826+0000] {standard_task_runner.py:64} INFO - Started process 307 to run task
[2026-06-30T18:00:28.835+0000] {standard_task_runner.py:90} INFO - Running: ['***', 'tasks', 'run', 'spotify_minio_to_duckdb_pipeline', 'dbt_run_transformations', 'scheduled__2026-06-30T17:00:00+00:00', '--job-id', '8', '--raw', '--subdir', 'DAGS_FOLDER/minio-to-kafka.py', '--cfg-path', '/tmp/tmpvd188sbm']
[2026-06-30T18:00:28.843+0000] {standard_task_runner.py:91} INFO - Job 8: Subtask dbt_run_transformations
[2026-06-30T18:00:29.225+0000] {task_command.py:426} INFO - Running <TaskInstance: spotify_minio_to_duckdb_pipeline.dbt_run_transformations scheduled__2026-06-30T17:00:00+00:00 [running]> on host 7125e1ba98f1
[2026-06-30T18:00:29.581+0000] {taskinstance.py:2648} INFO - Exporting env vars: AIRFLOW_CTX_DAG_OWNER='***' AIRFLOW_CTX_DAG_ID='spotify_minio_to_duckdb_pipeline' AIRFLOW_CTX_TASK_ID='dbt_run_transformations' AIRFLOW_CTX_EXECUTION_DATE='2026-06-30T17:00:00+00:00' AIRFLOW_CTX_TRY_NUMBER='1' AIRFLOW_CTX_DAG_RUN_ID='scheduled__2026-06-30T17:00:00+00:00'
[2026-06-30T18:00:29.585+0000] {taskinstance.py:430} INFO - ::endgroup::
[2026-06-30T18:00:29.663+0000] {subprocess.py:63} INFO - Tmp dir root location: /tmp
[2026-06-30T18:00:29.667+0000] {subprocess.py:75} INFO - Running command: ['/usr/bin/bash', '-c', 'pip install dbt-duckdb --quiet && cd /opt/***/dbt_transformation && dbt run']
[2026-06-30T18:00:29.726+0000] {subprocess.py:86} INFO - Output:
[2026-06-30T18:00:42.391+0000] {subprocess.py:93} INFO - 
[2026-06-30T18:00:42.393+0000] {subprocess.py:93} INFO - [notice] A new release of pip is available: 24.2 -> 26.1.2
[2026-06-30T18:00:42.395+0000] {subprocess.py:93} INFO - [notice] To update, run: pip install --upgrade pip
[2026-06-30T18:00:56.747+0000] {subprocess.py:93} INFO - Usage: dbt run [OPTIONS]
[2026-06-30T18:00:56.749+0000] {subprocess.py:93} INFO - Try 'dbt run --help' for help.
[2026-06-30T18:00:56.751+0000] {subprocess.py:93} INFO - 
[2026-06-30T18:00:56.753+0000] {subprocess.py:93} INFO - Error: Invalid value for '--profiles-dir': Path '/home/***/.dbt' does not exist.
[2026-06-30T18:00:58.006+0000] {subprocess.py:97} INFO - Command exited with return code 2
[2026-06-30T18:00:58.013+0000] {taskinstance.py:441} INFO - ::group::Post task execution logs
[2026-06-30T18:00:58.149+0000] {taskinstance.py:2905} ERROR - Task failed with exception
Traceback (most recent call last):
  File "/home/airflow/.local/lib/python3.12/site-packages/airflow/models/taskinstance.py", line 465, in _execute_task
    result = _execute_callable(context=context, **execute_callable_kwargs)
             ^^^^^^^^^^^^^^^^^^^^^^^^^^^^^^^^^^^^^^^^^^^^^^^^^^^^^^^^^^^^^
  File "/home/airflow/.local/lib/python3.12/site-packages/airflow/models/taskinstance.py", line 432, in _execute_callable
    return execute_callable(context=context, **execute_callable_kwargs)
           ^^^^^^^^^^^^^^^^^^^^^^^^^^^^^^^^^^^^^^^^^^^^^^^^^^^^^^^^^^^^
  File "/home/airflow/.local/lib/python3.12/site-packages/airflow/models/baseoperator.py", line 401, in wrapper
    return func(self, *args, **kwargs)
           ^^^^^^^^^^^^^^^^^^^^^^^^^^^
  File "/home/airflow/.local/lib/python3.12/site-packages/airflow/operators/bash.py", line 243, in execute
    raise AirflowException(
airflow.exceptions.AirflowException: Bash command failed. The command returned a non-zero exit code 2.
[2026-06-30T18:00:58.188+0000] {taskinstance.py:1206} INFO - Marking task as UP_FOR_RETRY. dag_id=spotify_minio_to_duckdb_pipeline, task_id=dbt_run_transformations, run_id=scheduled__2026-06-30T17:00:00+00:00, execution_date=20260630T170000, start_date=20260630T180028, end_date=20260630T180058
[2026-06-30T18:00:58.726+0000] {standard_task_runner.py:110} ERROR - Failed to execute job 8 for task dbt_run_transformations (Bash command failed. The command returned a non-zero exit code 2.; 307)
[2026-06-30T18:00:58.763+0000] {local_task_job_runner.py:243} INFO - Task exited with return code 1
[2026-06-30T18:00:58.829+0000] {taskinstance.py:3503} INFO - 0 downstream tasks scheduled from follow-on schedule check
[2026-06-30T18:00:58.834+0000] {local_task_job_runner.py:222} INFO - ::endgroup::
