[2026-07-01T18:13:56.602+0000] {local_task_job_runner.py:120} INFO - ::group::Pre task execution logs
[2026-07-01T18:13:56.651+0000] {taskinstance.py:2076} INFO - Dependencies all met for dep_context=non-requeueable deps ti=<TaskInstance: spotify_minio_to_duckdb_pipeline.dbt_run_transformations manual__2026-07-01T18:07:22.139104+00:00 [queued]>
[2026-07-01T18:13:56.663+0000] {taskinstance.py:2076} INFO - Dependencies all met for dep_context=requeueable deps ti=<TaskInstance: spotify_minio_to_duckdb_pipeline.dbt_run_transformations manual__2026-07-01T18:07:22.139104+00:00 [queued]>
[2026-07-01T18:13:56.664+0000] {taskinstance.py:2306} INFO - Starting attempt 3 of 4
[2026-07-01T18:13:56.686+0000] {taskinstance.py:2330} INFO - Executing <Task(BashOperator): dbt_run_transformations> on 2026-07-01 18:07:22.139104+00:00
[2026-07-01T18:13:56.694+0000] {standard_task_runner.py:64} INFO - Started process 3173 to run task
[2026-07-01T18:13:56.697+0000] {standard_task_runner.py:90} INFO - Running: ['***', 'tasks', 'run', 'spotify_minio_to_duckdb_pipeline', 'dbt_run_transformations', 'manual__2026-07-01T18:07:22.139104+00:00', '--job-id', '43', '--raw', '--subdir', 'DAGS_FOLDER/minio-to-kafka.py', '--cfg-path', '/tmp/tmpscmrh_04']
[2026-07-01T18:13:56.703+0000] {standard_task_runner.py:91} INFO - Job 43: Subtask dbt_run_transformations
[2026-07-01T18:13:56.835+0000] {task_command.py:426} INFO - Running <TaskInstance: spotify_minio_to_duckdb_pipeline.dbt_run_transformations manual__2026-07-01T18:07:22.139104+00:00 [running]> on host 0e8ad39bfb13
[2026-07-01T18:13:57.069+0000] {taskinstance.py:2648} INFO - Exporting env vars: AIRFLOW_CTX_DAG_OWNER='***' AIRFLOW_CTX_DAG_ID='spotify_minio_to_duckdb_pipeline' AIRFLOW_CTX_TASK_ID='dbt_run_transformations' AIRFLOW_CTX_EXECUTION_DATE='2026-07-01T18:07:22.139104+00:00' AIRFLOW_CTX_TRY_NUMBER='3' AIRFLOW_CTX_DAG_RUN_ID='manual__2026-07-01T18:07:22.139104+00:00'
[2026-07-01T18:13:57.072+0000] {taskinstance.py:430} INFO - ::endgroup::
[2026-07-01T18:13:57.142+0000] {subprocess.py:63} INFO - Tmp dir root location: /tmp
[2026-07-01T18:13:57.144+0000] {subprocess.py:75} INFO - Running command: ['/usr/bin/bash', '-c', 'pip install dbt-duckdb --quiet && cd /opt/***/dbt_transformation && dbt run --profiles-dir .']
[2026-07-01T18:13:57.164+0000] {subprocess.py:86} INFO - Output:
[2026-07-01T18:14:00.488+0000] {subprocess.py:93} INFO - 
[2026-07-01T18:14:00.489+0000] {subprocess.py:93} INFO - [notice] A new release of pip is available: 24.2 -> 26.1.2
[2026-07-01T18:14:00.490+0000] {subprocess.py:93} INFO - [notice] To update, run: pip install --upgrade pip
[2026-07-01T18:14:04.966+0000] {subprocess.py:93} INFO - [0m18:14:04  Running with dbt=1.11.12
[2026-07-01T18:14:05.774+0000] {subprocess.py:93} INFO - [0m18:14:05  Registered adapter: duckdb=1.10.1
[2026-07-01T18:14:07.522+0000] {subprocess.py:93} INFO - [0m18:14:07  [[33mWARNING[0m]: Configuration paths exist in your dbt_project.yml file which do not apply to any resources.
[2026-07-01T18:14:07.524+0000] {subprocess.py:93} INFO - There are 1 unused configuration paths:
[2026-07-01T18:14:07.525+0000] {subprocess.py:93} INFO - - models.dbt_transformation.example
[2026-07-01T18:14:07.943+0000] {subprocess.py:93} INFO - [0m18:14:07  Found 3 models, 1 source, 485 macros
[2026-07-01T18:14:07.952+0000] {subprocess.py:93} INFO - [0m18:14:07
[2026-07-01T18:14:07.954+0000] {subprocess.py:93} INFO - [0m18:14:07  Concurrency: 1 threads (target='dev')
[2026-07-01T18:14:07.956+0000] {subprocess.py:93} INFO - [0m18:14:07
[2026-07-01T18:14:08.627+0000] {subprocess.py:93} INFO - [0m18:14:08  1 of 3 START sql table model main_silver.stg_tracks ............................ [RUN]
[2026-07-01T18:14:11.074+0000] {subprocess.py:93} INFO - [0m18:14:11  1 of 3 OK created sql table model main_silver.stg_tracks ....................... [[32mOK[0m in 2.44s]
[2026-07-01T18:14:11.083+0000] {subprocess.py:93} INFO - [0m18:14:11  2 of 3 START sql table model main_gold.fact_top_tracks ......................... [RUN]
[2026-07-01T18:14:11.264+0000] {subprocess.py:93} INFO - [0m18:14:11  2 of 3 OK created sql table model main_gold.fact_top_tracks .................... [[32mOK[0m in 0.17s]
[2026-07-01T18:14:11.273+0000] {subprocess.py:93} INFO - [0m18:14:11  3 of 3 START sql table model main_gold.fact_user_engagement .................... [RUN]
[2026-07-01T18:14:11.428+0000] {subprocess.py:93} INFO - [0m18:14:11  3 of 3 OK created sql table model main_gold.fact_user_engagement ............... [[32mOK[0m in 0.15s]
[2026-07-01T18:14:11.465+0000] {subprocess.py:93} INFO - [0m18:14:11
[2026-07-01T18:14:11.467+0000] {subprocess.py:93} INFO - [0m18:14:11  Finished running 3 table models in 0 hours 0 minutes and 3.51 seconds (3.51s).
[2026-07-01T18:14:11.595+0000] {subprocess.py:93} INFO - [0m18:14:11
[2026-07-01T18:14:11.597+0000] {subprocess.py:93} INFO - [0m18:14:11  [32mCompleted successfully[0m
[2026-07-01T18:14:11.599+0000] {subprocess.py:93} INFO - [0m18:14:11
[2026-07-01T18:14:11.602+0000] {subprocess.py:93} INFO - [0m18:14:11  Done. PASS=3 WARN=0 ERROR=0 SKIP=0 NO-OP=0 TOTAL=3
[2026-07-01T18:14:14.394+0000] {subprocess.py:97} INFO - Command exited with return code 0
[2026-07-01T18:14:14.396+0000] {taskinstance.py:441} INFO - ::group::Post task execution logs
[2026-07-01T18:14:14.638+0000] {taskinstance.py:1206} INFO - Marking task as SUCCESS. dag_id=spotify_minio_to_duckdb_pipeline, task_id=dbt_run_transformations, run_id=manual__2026-07-01T18:07:22.139104+00:00, execution_date=20260701T180722, start_date=20260701T181356, end_date=20260701T181414
[2026-07-01T18:14:14.707+0000] {local_task_job_runner.py:243} INFO - Task exited with return code 0
[2026-07-01T18:14:14.738+0000] {taskinstance.py:3503} INFO - 0 downstream tasks scheduled from follow-on schedule check
[2026-07-01T18:14:14.740+0000] {local_task_job_runner.py:222} INFO - ::endgroup::
