[2026-07-01T18:12:15.866+0000] {local_task_job_runner.py:120} INFO - ::group::Pre task execution logs
[2026-07-01T18:12:15.934+0000] {taskinstance.py:2076} INFO - Dependencies all met for dep_context=non-requeueable deps ti=<TaskInstance: spotify_minio_to_duckdb_pipeline.dbt_run_transformations manual__2026-07-01T18:07:22.139104+00:00 [queued]>
[2026-07-01T18:12:15.949+0000] {taskinstance.py:2076} INFO - Dependencies all met for dep_context=requeueable deps ti=<TaskInstance: spotify_minio_to_duckdb_pipeline.dbt_run_transformations manual__2026-07-01T18:07:22.139104+00:00 [queued]>
[2026-07-01T18:12:15.950+0000] {taskinstance.py:2306} INFO - Starting attempt 2 of 3
[2026-07-01T18:12:15.974+0000] {taskinstance.py:2330} INFO - Executing <Task(BashOperator): dbt_run_transformations> on 2026-07-01 18:07:22.139104+00:00
[2026-07-01T18:12:15.985+0000] {standard_task_runner.py:64} INFO - Started process 2425 to run task
[2026-07-01T18:12:15.989+0000] {standard_task_runner.py:90} INFO - Running: ['***', 'tasks', 'run', 'spotify_minio_to_duckdb_pipeline', 'dbt_run_transformations', 'manual__2026-07-01T18:07:22.139104+00:00', '--job-id', '42', '--raw', '--subdir', 'DAGS_FOLDER/minio-to-kafka.py', '--cfg-path', '/tmp/tmph3p_xvba']
[2026-07-01T18:12:15.994+0000] {standard_task_runner.py:91} INFO - Job 42: Subtask dbt_run_transformations
[2026-07-01T18:12:16.158+0000] {task_command.py:426} INFO - Running <TaskInstance: spotify_minio_to_duckdb_pipeline.dbt_run_transformations manual__2026-07-01T18:07:22.139104+00:00 [running]> on host 0e8ad39bfb13
[2026-07-01T18:12:16.362+0000] {taskinstance.py:2648} INFO - Exporting env vars: AIRFLOW_CTX_DAG_OWNER='***' AIRFLOW_CTX_DAG_ID='spotify_minio_to_duckdb_pipeline' AIRFLOW_CTX_TASK_ID='dbt_run_transformations' AIRFLOW_CTX_EXECUTION_DATE='2026-07-01T18:07:22.139104+00:00' AIRFLOW_CTX_TRY_NUMBER='2' AIRFLOW_CTX_DAG_RUN_ID='manual__2026-07-01T18:07:22.139104+00:00'
[2026-07-01T18:12:16.365+0000] {taskinstance.py:430} INFO - ::endgroup::
[2026-07-01T18:12:16.400+0000] {subprocess.py:63} INFO - Tmp dir root location: /tmp
[2026-07-01T18:12:16.402+0000] {subprocess.py:75} INFO - Running command: ['/usr/bin/bash', '-c', 'pip install dbt-duckdb --quiet && cd /opt/***/dbt_transformation && dbt run --profiles-dir .']
[2026-07-01T18:12:16.421+0000] {subprocess.py:86} INFO - Output:
[2026-07-01T18:12:19.966+0000] {subprocess.py:93} INFO - 
[2026-07-01T18:12:19.967+0000] {subprocess.py:93} INFO - [notice] A new release of pip is available: 24.2 -> 26.1.2
[2026-07-01T18:12:19.968+0000] {subprocess.py:93} INFO - [notice] To update, run: pip install --upgrade pip
[2026-07-01T18:12:24.783+0000] {subprocess.py:93} INFO - [0m18:12:24  Running with dbt=1.11.12
[2026-07-01T18:12:25.620+0000] {subprocess.py:93} INFO - [0m18:12:25  Registered adapter: duckdb=1.10.1
[2026-07-01T18:12:26.370+0000] {subprocess.py:93} INFO - [0m18:12:26  [[33mWARNING[0m]: Configuration paths exist in your dbt_project.yml file which do not apply to any resources.
[2026-07-01T18:12:26.371+0000] {subprocess.py:93} INFO - There are 1 unused configuration paths:
[2026-07-01T18:12:26.372+0000] {subprocess.py:93} INFO - - models.dbt_transformation.example
[2026-07-01T18:12:26.674+0000] {subprocess.py:93} INFO - [0m18:12:26  Found 3 models, 1 source, 485 macros
[2026-07-01T18:12:26.686+0000] {subprocess.py:93} INFO - [0m18:12:26
[2026-07-01T18:12:26.691+0000] {subprocess.py:93} INFO - [0m18:12:26  Concurrency: 1 threads (target='dev')
[2026-07-01T18:12:26.697+0000] {subprocess.py:93} INFO - [0m18:12:26
[2026-07-01T18:12:27.389+0000] {subprocess.py:93} INFO - [0m18:12:27  1 of 3 START sql table model main_silver.stg_tracks ............................ [RUN]
[2026-07-01T18:12:32.785+0000] {subprocess.py:93} INFO - [0m18:12:32  1 of 3 OK created sql table model main_silver.stg_tracks ....................... [[32mOK[0m in 5.38s]
[2026-07-01T18:12:32.803+0000] {subprocess.py:93} INFO - [0m18:12:32  2 of 3 START sql table model main_gold.fact_top_tracks ......................... [RUN]
[2026-07-01T18:12:33.150+0000] {subprocess.py:93} INFO - [0m18:12:33  2 of 3 OK created sql table model main_gold.fact_top_tracks .................... [[32mOK[0m in 0.34s]
[2026-07-01T18:12:33.160+0000] {subprocess.py:93} INFO - [0m18:12:33  3 of 3 START sql table model main.fact_user_engagement ......................... [RUN]
[2026-07-01T18:12:33.290+0000] {subprocess.py:93} INFO - [0m18:12:33  3 of 3 ERROR creating sql table model main.fact_user_engagement ................ [[31mERROR[0m in 0.12s]
[2026-07-01T18:12:33.336+0000] {subprocess.py:93} INFO - [0m18:12:33
[2026-07-01T18:12:33.338+0000] {subprocess.py:93} INFO - [0m18:12:33  Finished running 3 table models in 0 hours 0 minutes and 6.64 seconds (6.64s).
[2026-07-01T18:12:33.649+0000] {subprocess.py:93} INFO - [0m18:12:33
[2026-07-01T18:12:33.651+0000] {subprocess.py:93} INFO - [0m18:12:33  [31mCompleted with 1 error, 0 partial successes, and 0 warnings:[0m
[2026-07-01T18:12:33.654+0000] {subprocess.py:93} INFO - [0m18:12:33
[2026-07-01T18:12:33.657+0000] {subprocess.py:93} INFO - [0m18:12:33  [31mFailure in model fact_user_engagement (models/gold/fact_user_engagement.sql)[0m
[2026-07-01T18:12:33.661+0000] {subprocess.py:93} INFO - [0m18:12:33    Runtime Error in model fact_user_engagement (models/gold/fact_user_engagement.sql)
[2026-07-01T18:12:33.662+0000] {subprocess.py:93} INFO -   Binder Error: Referenced column "stream_id" not found in FROM clause!
[2026-07-01T18:12:33.663+0000] {subprocess.py:93} INFO -   Candidate bindings: "user_id", "song_id", "artist_name", "event_id", "song_name"
[2026-07-01T18:12:33.665+0000] {subprocess.py:93} INFO - 
[2026-07-01T18:12:33.666+0000] {subprocess.py:93} INFO -   LINE 20:     count(stream_id) as total_streams,
[2026-07-01T18:12:33.667+0000] {subprocess.py:93} INFO -                      ^
[2026-07-01T18:12:33.669+0000] {subprocess.py:93} INFO - [0m18:12:33
[2026-07-01T18:12:33.670+0000] {subprocess.py:93} INFO - [0m18:12:33    compiled code at target/compiled/dbt_transformation/models/gold/fact_user_engagement.sql
[2026-07-01T18:12:33.675+0000] {subprocess.py:93} INFO - [0m18:12:33
[2026-07-01T18:12:33.678+0000] {subprocess.py:93} INFO - [0m18:12:33  Done. PASS=2 WARN=0 ERROR=1 SKIP=0 NO-OP=0 TOTAL=3
[2026-07-01T18:12:35.569+0000] {subprocess.py:97} INFO - Command exited with return code 1
[2026-07-01T18:12:35.571+0000] {taskinstance.py:441} INFO - ::group::Post task execution logs
[2026-07-01T18:12:35.859+0000] {taskinstance.py:2905} ERROR - Task failed with exception
Traceback (most recent call last):
  File "/home/airflow/.local/lib/python3.12/site-packages/airflow/models/taskinstance.py", line 465, in _execute_task
    result = _execute_callable(context=context, **execute_callable_kwargs)
             ^^^^^^^^^^^^^^^^^^^^^^^^^^^^^^^^^^^^^^^^^^^^^^^^^^^^^^^^^^^^^
  File "/home/airflow/.local/lib/python3.12/site-packages/airflow/models/taskinstance.py", line 432, in _execute_callable
    return execute_callable(context=context, **execute_callable_kwargs)
           ^^^^^^^^^^^^^^^^^^^^^^^^^^^^^^^^^^^^^^^^^^^^^^^^^^^^^^^^^^^^
  File "/home/airflow/.local/lib/python3.12/site-packages/airflow/models/baseoperator.py", line 401, in wrapper
    return func(self, *args, **kwargs)
           ^^^^^^^^^^^^^^^^^^^^^^^^^^^
  File "/home/airflow/.local/lib/python3.12/site-packages/airflow/operators/bash.py", line 243, in execute
    raise AirflowException(
airflow.exceptions.AirflowException: Bash command failed. The command returned a non-zero exit code 1.
[2026-07-01T18:12:35.866+0000] {taskinstance.py:1206} INFO - Marking task as UP_FOR_RETRY. dag_id=spotify_minio_to_duckdb_pipeline, task_id=dbt_run_transformations, run_id=manual__2026-07-01T18:07:22.139104+00:00, execution_date=20260701T180722, start_date=20260701T181215, end_date=20260701T181235
[2026-07-01T18:12:35.889+0000] {standard_task_runner.py:110} ERROR - Failed to execute job 42 for task dbt_run_transformations (Bash command failed. The command returned a non-zero exit code 1.; 2425)
[2026-07-01T18:12:35.934+0000] {local_task_job_runner.py:243} INFO - Task exited with return code 1
[2026-07-01T18:12:35.963+0000] {taskinstance.py:3503} INFO - 0 downstream tasks scheduled from follow-on schedule check
[2026-07-01T18:12:35.966+0000] {local_task_job_runner.py:222} INFO - ::endgroup::
