[2026-07-01T18:07:33.502+0000] {local_task_job_runner.py:120} INFO - ::group::Pre task execution logs
[2026-07-01T18:07:33.574+0000] {taskinstance.py:2076} INFO - Dependencies all met for dep_context=non-requeueable deps ti=<TaskInstance: spotify_minio_to_duckdb_pipeline.dbt_run_transformations manual__2026-07-01T18:07:22.139104+00:00 [queued]>
[2026-07-01T18:07:33.589+0000] {taskinstance.py:2076} INFO - Dependencies all met for dep_context=requeueable deps ti=<TaskInstance: spotify_minio_to_duckdb_pipeline.dbt_run_transformations manual__2026-07-01T18:07:22.139104+00:00 [queued]>
[2026-07-01T18:07:33.591+0000] {taskinstance.py:2306} INFO - Starting attempt 1 of 2
[2026-07-01T18:07:33.615+0000] {taskinstance.py:2330} INFO - Executing <Task(BashOperator): dbt_run_transformations> on 2026-07-01 18:07:22.139104+00:00
[2026-07-01T18:07:33.634+0000] {standard_task_runner.py:64} INFO - Started process 1690 to run task
[2026-07-01T18:07:33.638+0000] {standard_task_runner.py:90} INFO - Running: ['***', 'tasks', 'run', 'spotify_minio_to_duckdb_pipeline', 'dbt_run_transformations', 'manual__2026-07-01T18:07:22.139104+00:00', '--job-id', '41', '--raw', '--subdir', 'DAGS_FOLDER/minio-to-kafka.py', '--cfg-path', '/tmp/tmpirtd98fc']
[2026-07-01T18:07:33.647+0000] {standard_task_runner.py:91} INFO - Job 41: Subtask dbt_run_transformations
[2026-07-01T18:07:33.799+0000] {task_command.py:426} INFO - Running <TaskInstance: spotify_minio_to_duckdb_pipeline.dbt_run_transformations manual__2026-07-01T18:07:22.139104+00:00 [running]> on host 0e8ad39bfb13
[2026-07-01T18:07:33.967+0000] {taskinstance.py:2648} INFO - Exporting env vars: AIRFLOW_CTX_DAG_OWNER='***' AIRFLOW_CTX_DAG_ID='spotify_minio_to_duckdb_pipeline' AIRFLOW_CTX_TASK_ID='dbt_run_transformations' AIRFLOW_CTX_EXECUTION_DATE='2026-07-01T18:07:22.139104+00:00' AIRFLOW_CTX_TRY_NUMBER='1' AIRFLOW_CTX_DAG_RUN_ID='manual__2026-07-01T18:07:22.139104+00:00'
[2026-07-01T18:07:33.969+0000] {taskinstance.py:430} INFO - ::endgroup::
[2026-07-01T18:07:34.010+0000] {subprocess.py:63} INFO - Tmp dir root location: /tmp
[2026-07-01T18:07:34.013+0000] {subprocess.py:75} INFO - Running command: ['/usr/bin/bash', '-c', 'pip install dbt-duckdb --quiet && cd /opt/***/dbt_transformation && dbt run --profiles-dir .']
[2026-07-01T18:07:34.036+0000] {subprocess.py:86} INFO - Output:
[2026-07-01T18:07:41.155+0000] {subprocess.py:93} INFO - 
[2026-07-01T18:07:41.166+0000] {subprocess.py:93} INFO - [notice] A new release of pip is available: 24.2 -> 26.1.2
[2026-07-01T18:07:41.174+0000] {subprocess.py:93} INFO - [notice] To update, run: pip install --upgrade pip
[2026-07-01T18:07:52.831+0000] {subprocess.py:93} INFO - [0m18:07:52  Running with dbt=1.11.12
[2026-07-01T18:07:53.905+0000] {subprocess.py:93} INFO - [0m18:07:53  Registered adapter: duckdb=1.10.1
[2026-07-01T18:07:55.825+0000] {subprocess.py:93} INFO - [0m18:07:55  [[33mWARNING[0m]: Configuration paths exist in your dbt_project.yml file which do not apply to any resources.
[2026-07-01T18:07:55.826+0000] {subprocess.py:93} INFO - There are 1 unused configuration paths:
[2026-07-01T18:07:55.828+0000] {subprocess.py:93} INFO - - models.dbt_transformation.example
[2026-07-01T18:07:56.176+0000] {subprocess.py:93} INFO - [0m18:07:56  Found 3 models, 1 source, 485 macros
[2026-07-01T18:07:56.187+0000] {subprocess.py:93} INFO - [0m18:07:56
[2026-07-01T18:07:56.193+0000] {subprocess.py:93} INFO - [0m18:07:56  Concurrency: 1 threads (target='dev')
[2026-07-01T18:07:56.195+0000] {subprocess.py:93} INFO - [0m18:07:56
[2026-07-01T18:07:57.057+0000] {subprocess.py:93} INFO - [0m18:07:57  1 of 3 START sql table model main_silver.stg_tracks ............................ [RUN]
[2026-07-01T18:08:00.719+0000] {subprocess.py:93} INFO - [0m18:08:00  1 of 3 OK created sql table model main_silver.stg_tracks ....................... [[32mOK[0m in 3.65s]
[2026-07-01T18:08:00.730+0000] {subprocess.py:93} INFO - [0m18:08:00  2 of 3 START sql table model main_gold.fact_top_tracks ......................... [RUN]
[2026-07-01T18:08:00.995+0000] {subprocess.py:93} INFO - [0m18:08:00  2 of 3 OK created sql table model main_gold.fact_top_tracks .................... [[32mOK[0m in 0.26s]
[2026-07-01T18:08:01.003+0000] {subprocess.py:93} INFO - [0m18:08:01  3 of 3 START sql table model main.fact_user_engagement ......................... [RUN]
[2026-07-01T18:08:01.166+0000] {subprocess.py:93} INFO - [0m18:08:01  3 of 3 ERROR creating sql table model main.fact_user_engagement ................ [[31mERROR[0m in 0.16s]
[2026-07-01T18:08:01.217+0000] {subprocess.py:93} INFO - [0m18:08:01
[2026-07-01T18:08:01.220+0000] {subprocess.py:93} INFO - [0m18:08:01  Finished running 3 table models in 0 hours 0 minutes and 5.02 seconds (5.02s).
[2026-07-01T18:08:01.562+0000] {subprocess.py:93} INFO - [0m18:08:01
[2026-07-01T18:08:01.566+0000] {subprocess.py:93} INFO - [0m18:08:01  [31mCompleted with 1 error, 0 partial successes, and 0 warnings:[0m
[2026-07-01T18:08:01.573+0000] {subprocess.py:93} INFO - [0m18:08:01
[2026-07-01T18:08:01.578+0000] {subprocess.py:93} INFO - [0m18:08:01  [31mFailure in model fact_user_engagement (models/gold/fact_user_engagement.sql)[0m
[2026-07-01T18:08:01.582+0000] {subprocess.py:93} INFO - [0m18:08:01    Runtime Error in model fact_user_engagement (models/gold/fact_user_engagement.sql)
[2026-07-01T18:08:01.583+0000] {subprocess.py:93} INFO -   Binder Error: Referenced column "stream_id" not found in FROM clause!
[2026-07-01T18:08:01.584+0000] {subprocess.py:93} INFO -   Candidate bindings: "user_id", "song_id", "artist_name", "event_id", "song_name"
[2026-07-01T18:08:01.587+0000] {subprocess.py:93} INFO - 
[2026-07-01T18:08:01.589+0000] {subprocess.py:93} INFO -   LINE 20:     count(stream_id) as total_streams,
[2026-07-01T18:08:01.591+0000] {subprocess.py:93} INFO -                      ^
[2026-07-01T18:08:01.592+0000] {subprocess.py:93} INFO - [0m18:08:01
[2026-07-01T18:08:01.594+0000] {subprocess.py:93} INFO - [0m18:08:01    compiled code at target/compiled/dbt_transformation/models/gold/fact_user_engagement.sql
[2026-07-01T18:08:01.595+0000] {subprocess.py:93} INFO - [0m18:08:01
[2026-07-01T18:08:01.597+0000] {subprocess.py:93} INFO - [0m18:08:01  Done. PASS=2 WARN=0 ERROR=1 SKIP=0 NO-OP=0 TOTAL=3
[2026-07-01T18:08:04.354+0000] {subprocess.py:97} INFO - Command exited with return code 1
[2026-07-01T18:08:04.357+0000] {taskinstance.py:441} INFO - ::group::Post task execution logs
[2026-07-01T18:08:04.628+0000] {taskinstance.py:2905} ERROR - Task failed with exception
Traceback (most recent call last):
  File "/home/airflow/.local/lib/python3.12/site-packages/airflow/models/taskinstance.py", line 465, in _execute_task
    result = _execute_callable(context=context, **execute_callable_kwargs)
             ^^^^^^^^^^^^^^^^^^^^^^^^^^^^^^^^^^^^^^^^^^^^^^^^^^^^^^^^^^^^^
  File "/home/airflow/.local/lib/python3.12/site-packages/airflow/models/taskinstance.py", line 432, in _execute_callable
    return execute_callable(context=context, **execute_callable_kwargs)
           ^^^^^^^^^^^^^^^^^^^^^^^^^^^^^^^^^^^^^^^^^^^^^^^^^^^^^^^^^^^^
  File "/home/airflow/.local/lib/python3.12/site-packages/airflow/models/baseoperator.py", line 401, in wrapper
    return func(self, *args, **kwargs)
           ^^^^^^^^^^^^^^^^^^^^^^^^^^^
  File "/home/airflow/.local/lib/python3.12/site-packages/airflow/operators/bash.py", line 243, in execute
    raise AirflowException(
airflow.exceptions.AirflowException: Bash command failed. The command returned a non-zero exit code 1.
[2026-07-01T18:08:04.644+0000] {taskinstance.py:1206} INFO - Marking task as UP_FOR_RETRY. dag_id=spotify_minio_to_duckdb_pipeline, task_id=dbt_run_transformations, run_id=manual__2026-07-01T18:07:22.139104+00:00, execution_date=20260701T180722, start_date=20260701T180733, end_date=20260701T180804
[2026-07-01T18:08:04.674+0000] {standard_task_runner.py:110} ERROR - Failed to execute job 41 for task dbt_run_transformations (Bash command failed. The command returned a non-zero exit code 1.; 1690)
[2026-07-01T18:08:04.728+0000] {local_task_job_runner.py:243} INFO - Task exited with return code 1
[2026-07-01T18:08:04.758+0000] {taskinstance.py:3503} INFO - 0 downstream tasks scheduled from follow-on schedule check
[2026-07-01T18:08:04.761+0000] {local_task_job_runner.py:222} INFO - ::endgroup::
